-1.565122246742248535e+00, 7.142477631568908691e-01, 2.398023009300231934e-01, 9.036133065819740295e-03, 5.556297898292541504e-01, -2.037685066461563110e-01
-1.565126657485961914e+00, 7.143516540527343750e-01, 2.398033738136291504e-01, 9.037971496582031250e-03, 5.555190443992614746e-01, -2.037767916917800903e-01
-1.565130233764648438e+00, 7.144563198089599609e-01, 2.398047894239425659e-01, 9.042567573487758636e-03, 5.554082989692687988e-01, -2.037803530693054199e-01
-1.565132737159729004e+00, 7.145621776580810547e-01, 2.398058623075485229e-01, 9.044406935572624207e-03, 5.552948117256164551e-01, -2.037862688302993774e-01
-1.565134167671203613e+00, 7.146672606468200684e-01, 2.398054897785186768e-01, 9.046245366334915161e-03, 5.551849603652954102e-01, -2.037921994924545288e-01
-1.565138220787048340e+00, 7.147647738456726074e-01, 2.398058623075485229e-01, 9.049003012478351593e-03, 5.550686717033386230e-01, -2.037945538759231567e-01
-1.565140724182128906e+00, 7.148619890213012695e-01, 2.398069351911544800e-01, 9.052680805325508118e-03, 5.549626350402832031e-01, -2.038040161132812500e-01
-1.565142869949340820e+00, 7.149590849876403809e-01, 2.398069351911544800e-01, 9.057276882231235504e-03, 5.548527836799621582e-01, -2.038040161132812500e-01
-1.565146803855895996e+00, 7.150574922561645508e-01, 2.398079782724380493e-01, 9.059116244316101074e-03, 5.547485947608947754e-01, -2.038099467754364014e-01
-1.565147757530212402e+00, 7.151550650596618652e-01, 2.398090511560440063e-01, 9.063713252544403076e-03, 5.546481013298034668e-01, -2.038099467754364014e-01
-1.565149784088134766e+00, 7.152450680732727051e-01, 2.398087084293365479e-01, 9.065551683306694031e-03, 5.545503497123718262e-01, -2.038158625364303589e-01
-1.565152764320373535e+00, 7.153303623199462891e-01, 2.398101240396499634e-01, 9.070147760212421417e-03, 5.544657111167907715e-01, -2.038194239139556885e-01
-1.565155744552612305e+00, 7.154129743576049805e-01, 2.398101240396499634e-01, 9.074744768440723419e-03, 5.543800592422485352e-01, -2.038217782974243164e-01
-1.565157294273376465e+00, 7.154930830001831055e-01, 2.398111969232559204e-01, 9.076583199203014374e-03, 5.542953610420227051e-01, -2.038253247737884521e-01
-1.565159678459167480e+00, 7.155689001083374023e-01, 2.398118972778320312e-01, 9.078422561287879944e-03, 5.542265772819519043e-01, -2.038312554359436035e-01
-1.565162301063537598e+00, 7.156439423561096191e-01, 2.398122400045394897e-01, 9.081180207431316376e-03, 5.541595220565795898e-01, -2.038336098194122314e-01
-1.565163254737854004e+00, 7.157138586044311523e-01, 2.398122400045394897e-01, 9.087615646421909332e-03, 5.540915727615356445e-01, -2.038336098194122314e-01
-1.565164327621459961e+00, 7.157774567604064941e-01, 2.398133128881454468e-01, 9.087615646421909332e-03, 5.540385842323303223e-01, -2.038371711969375610e-01
-1.565167903900146484e+00, 7.158383131027221680e-01, 2.398140132427215576e-01, 9.089454077184200287e-03, 5.539799332618713379e-01, -2.038395255804061890e-01
-1.565168857574462891e+00, 7.158940434455871582e-01, 2.398154288530349731e-01, 9.094051085412502289e-03, 5.539315938949584961e-01, -2.038395255804061890e-01
-1.565170884132385254e+00, 7.159488797187805176e-01, 2.398154288530349731e-01, 9.095889516174793243e-03, 5.538822412490844727e-01, -2.038430869579315186e-01
-1.565172791481018066e+00, 7.160025835037231445e-01, 2.398154288530349731e-01, 9.097727946937084198e-03, 5.538356900215148926e-01, -2.038430869579315186e-01
-1.565174341201782227e+00, 7.160531878471374512e-01, 2.398161441087722778e-01, 9.100486524403095245e-03, 5.537938475608825684e-01, -2.038489878177642822e-01
-1.565175414085388184e+00, 7.161017060279846191e-01, 2.398172169923782349e-01, 9.100486524403095245e-03, 5.537510514259338379e-01, -2.038466334342956543e-01
-1.565176844596862793e+00, 7.161463499069213867e-01, 2.398172169923782349e-01, 9.104163385927677155e-03, 5.537184476852416992e-01, -2.038489878177642822e-01
-1.565178871154785156e+00, 7.161898612976074219e-01, 2.398175746202468872e-01, 9.106921032071113586e-03, 5.536821484565734863e-01, -2.038525491952896118e-01
-1.565180778503417969e+00, 7.162317037582397461e-01, 2.398175746202468872e-01, 9.108760394155979156e-03, 5.536486506462097168e-01, -2.038525491952896118e-01
-1.565181851387023926e+00, 7.162708044052124023e-01, 2.398186177015304565e-01, 9.108760394155979156e-03, 5.536151528358459473e-01, -2.038549333810806274e-01
-1.565183281898498535e+00, 7.163047790527343750e-01, 2.398186177015304565e-01, 9.110598824918270111e-03, 5.535835623741149902e-01, -2.038549333810806274e-01
-1.565185904502868652e+00, 7.163398861885070801e-01, 2.398196905851364136e-01, 9.113357402384281158e-03, 5.535565614700317383e-01, -2.038608342409133911e-01
-1.565185904502868652e+00, 7.163707017898559570e-01, 2.398196905851364136e-01, 9.113357402384281158e-03, 5.535295605659484863e-01, -2.038608342409133911e-01
-1.565187335014343262e+00, 7.163991928100585938e-01, 2.398204058408737183e-01, 9.115195833146572113e-03, 5.535044670104980469e-01, -2.038608342409133911e-01
-1.565186381340026855e+00, 7.164260149002075195e-01, 2.398207634687423706e-01, 9.115195833146572113e-03, 5.534774661064147949e-01, -2.038608342409133911e-01
-1.565188884735107422e+00, 7.164512872695922852e-01, 2.398214787244796753e-01, 9.119791910052299500e-03, 5.534569621086120605e-01, -2.038608342409133911e-01
-1.565190315246582031e+00, 7.164753675460815430e-01, 2.398218363523483276e-01, 9.119791910052299500e-03, 5.534327626228332520e-01, -2.038643956184387207e-01
-1.565190792083740234e+00, 7.164955735206604004e-01, 2.398225516080856323e-01, 9.119791910052299500e-03, 5.534123182296752930e-01, -2.038608342409133911e-01
-1.565190792083740234e+00, 7.165164947509765625e-01, 2.398225516080856323e-01, 9.121631272137165070e-03, 5.533918738365173340e-01, -2.038643956184387207e-01
-1.565192461013793945e+00, 7.165353894233703613e-01, 2.398228943347930908e-01, 9.121631272137165070e-03, 5.533760190010070801e-01, -2.038643956184387207e-01
-1.565190315246582031e+00, 7.165535688400268555e-01, 2.398228943347930908e-01, 9.123469702899456024e-03, 5.533574223518371582e-01, -2.038643956184387207e-01
-1.565193414688110352e+00, 7.165685892105102539e-01, 2.398235946893692017e-01, 9.126227349042892456e-03, 5.533397197723388672e-01, -2.038702964782714844e-01
-1.565191745758056641e+00, 7.165827751159667969e-01, 2.398246675729751587e-01, 9.123469702899456024e-03, 5.533239245414733887e-01, -2.038667500019073486e-01
-1.565194368362426758e+00, 7.165970802307128906e-01, 2.398250401020050049e-01, 9.126227349042892456e-03, 5.533081293106079102e-01, -2.038667500019073486e-01
-1.565194845199584961e+00, 7.166069149971008301e-01, 2.398250401020050049e-01, 9.126227349042892456e-03, 5.532960295677185059e-01, -2.038702964782714844e-01
-1.565194845199584961e+00, 7.166199684143066406e-01, 2.398250401020050049e-01, 9.126227349042892456e-03, 5.532783269882202148e-01, -2.038667500019073486e-01
-1.565194845199584961e+00, 7.166302204132080078e-01, 2.398260831832885742e-01, 9.128065779805183411e-03, 5.532690286636352539e-01, -2.038702964782714844e-01
-1.565197348594665527e+00, 7.166400551795959473e-01, 2.398257404565811157e-01, 9.126227349042892456e-03, 5.532550811767578125e-01, -2.038702964782714844e-01
-1.565195322036743164e+00, 7.166491746902465820e-01, 2.398260831832885742e-01, 9.128065779805183411e-03, 5.532438755035400391e-01, -2.038702964782714844e-01
-1.565197825431823730e+00, 7.166582345962524414e-01, 2.398267835378646851e-01, 9.126227349042892456e-03, 5.532327294349670410e-01, -2.038702964782714844e-01
-1.565197348594665527e+00, 7.166673541069030762e-01, 2.398267835378646851e-01, 9.128065779805183411e-03, 5.532233715057373047e-01, -2.038726806640625000e-01
-1.565196394920349121e+00, 7.166764736175537109e-01, 2.398267835378646851e-01, 9.128065779805183411e-03, 5.532122254371643066e-01, -2.038702964782714844e-01
-1.565197348594665527e+00, 7.166835665702819824e-01, 2.398267835378646851e-01, 9.128065779805183411e-03, 5.532048344612121582e-01, -2.038726806640625000e-01
-1.565199971199035645e+00, 7.166906595230102539e-01, 2.398271560668945312e-01, 9.128065779805183411e-03, 5.531964302062988281e-01, -2.038726806640625000e-01
-1.565197825431823730e+00, 7.166965603828430176e-01, 2.398260831832885742e-01, 9.129904210567474365e-03, 5.531871318817138672e-01, -2.038726806640625000e-01
-1.565199494361877441e+00, 7.167036533355712891e-01, 2.398271560668945312e-01, 9.129904210567474365e-03, 5.531778335571289062e-01, -2.038762420415878296e-01
-1.565199971199035645e+00, 7.167103886604309082e-01, 2.398271560668945312e-01, 9.129904210567474365e-03, 5.531712770462036133e-01, -2.038762420415878296e-01
-1.565201401710510254e+00, 7.167167067527770996e-01, 2.398271560668945312e-01, 9.129904210567474365e-03, 5.531638860702514648e-01, -2.038762420415878296e-01
-1.565198779106140137e+00, 7.167206406593322754e-01, 2.398271560668945312e-01, 9.129904210567474365e-03, 5.531620383262634277e-01, -2.038762420415878296e-01
-1.565200924873352051e+00, 7.167246341705322266e-01, 2.398278564214706421e-01, 9.129904210567474365e-03, 5.531545877456665039e-01, -2.038762420415878296e-01
-1.565199494361877441e+00, 7.167297601699829102e-01, 2.398278564214706421e-01, 9.128065779805183411e-03, 5.531452298164367676e-01, -2.038762420415878296e-01
-1.565199494361877441e+00, 7.167325019836425781e-01, 2.398282289505004883e-01, 9.128065779805183411e-03, 5.531433820724487305e-01, -2.038762420415878296e-01
-1.565199971199035645e+00, 7.167356610298156738e-01, 2.398271560668945312e-01, 9.129904210567474365e-03, 5.531415343284606934e-01, -2.038762420415878296e-01
-1.565199971199035645e+00, 7.167388200759887695e-01, 2.398271560668945312e-01, 9.128065779805183411e-03, 5.531340837478637695e-01, -2.038762420415878296e-01
-1.565203428268432617e+00, 7.167408466339111328e-01, 2.398278564214706421e-01, 9.129904210567474365e-03, 5.531321763992309570e-01, -2.038762420415878296e-01
-1.565200924873352051e+00, 7.167435884475708008e-01, 2.398278564214706421e-01, 9.129904210567474365e-03, 5.531275868415832520e-01, -2.038762420415878296e-01
-1.565203428268432617e+00, 7.167455554008483887e-01, 2.398278564214706421e-01, 9.129904210567474365e-03, 5.531247854232788086e-01, -2.038762420415878296e-01
-1.565201401710510254e+00, 7.167467474937438965e-01, 2.398278564214706421e-01, 9.129904210567474365e-03, 5.531201362609863281e-01, -2.038762420415878296e-01
-1.565203428268432617e+00, 7.167487144470214844e-01, 2.398278564214706421e-01, 9.129904210567474365e-03, 5.531154870986938477e-01, -2.038762420415878296e-01
-1.565200924873352051e+00, 7.167506814002990723e-01, 2.398271560668945312e-01, 9.132662788033485413e-03, 5.531136393547058105e-01, -2.038762420415878296e-01
-1.565203428268432617e+00, 7.167526483535766602e-01, 2.398282289505004883e-01, 9.129904210567474365e-03, 5.531117916107177734e-01, -2.038762420415878296e-01
-1.565201401710510254e+00, 7.167538404464721680e-01, 2.398282289505004883e-01, 9.128065779805183411e-03, 5.531089305877685547e-01, -2.038762420415878296e-01
-1.565201401710510254e+00, 7.167546749114990234e-01, 2.398282289505004883e-01, 9.129904210567474365e-03, 5.531089305877685547e-01, -2.038762420415878296e-01
-1.565202355384826660e+00, 7.167558073997497559e-01, 2.398282289505004883e-01, 9.129904210567474365e-03, 5.531042814254760742e-01, -2.038762420415878296e-01
-1.565203905105590820e+00, 7.167577743530273438e-01, 2.398278564214706421e-01, 9.129904210567474365e-03, 5.531042814254760742e-01, -2.038785964250564575e-01
-1.565202355384826660e+00, 7.167577743530273438e-01, 2.398282289505004883e-01, 9.129904210567474365e-03, 5.531024336814880371e-01, -2.038821429014205933e-01
-1.565201878547668457e+00, 7.167597413063049316e-01, 2.398282289505004883e-01, 9.129904210567474365e-03, 5.530996322631835938e-01, -2.038821429014205933e-01
-1.565203905105590820e+00, 7.167609333992004395e-01, 2.398278564214706421e-01, 9.129904210567474365e-03, 5.530996322631835938e-01, -2.038785964250564575e-01
-1.565201878547668457e+00, 7.167617678642272949e-01, 2.398282289505004883e-01, 9.129904210567474365e-03, 5.530977845191955566e-01, -2.038785964250564575e-01
-1.565204381942749023e+00, 7.167629599571228027e-01, 2.398271560668945312e-01, 9.129904210567474365e-03, 5.530977845191955566e-01, -2.038785964250564575e-01
-1.565204381942749023e+00, 7.167629599571228027e-01, 2.398289293050765991e-01, 9.129904210567474365e-03, 5.530977845191955566e-01, -2.038785964250564575e-01
-1.565204381942749023e+00, 7.167629599571228027e-01, 2.398289293050765991e-01, 9.128065779805183411e-03, 5.530949831008911133e-01, -2.038821429014205933e-01
-1.565201401710510254e+00, 7.167629599571228027e-01, 2.398289293050765991e-01, 9.129904210567474365e-03, 5.530949831008911133e-01, -2.038821429014205933e-01
-1.565203428268432617e+00, 7.167629599571228027e-01, 2.398289293050765991e-01, 9.128065779805183411e-03, 5.530949831008911133e-01, -2.038821429014205933e-01
-1.565204381942749023e+00, 7.167637348175048828e-01, 2.398278564214706421e-01, 9.132662788033485413e-03, 5.530931353569030762e-01, -2.038821429014205933e-01
-1.565204381942749023e+00, 7.167637348175048828e-01, 2.398282289505004883e-01, 9.129904210567474365e-03, 5.530931353569030762e-01, -2.038821429014205933e-01
-1.565201878547668457e+00, 7.167649269104003906e-01, 2.398278564214706421e-01, 9.129904210567474365e-03, 5.530903935432434082e-01, -2.038821429014205933e-01
-1.565202355384826660e+00, 7.167649269104003906e-01, 2.398282289505004883e-01, 9.132662788033485413e-03, 5.530903935432434082e-01, -2.038821429014205933e-01
-1.565204381942749023e+00, 7.167649269104003906e-01, 2.398282289505004883e-01, 9.132662788033485413e-03, 5.530903935432434082e-01, -2.038821429014205933e-01
-1.565201401710510254e+00, 7.167649269104003906e-01, 2.398278564214706421e-01, 9.129904210567474365e-03, 5.530884861946105957e-01, -2.038857042789459229e-01
-1.565205335617065430e+00, 7.167649269104003906e-01, 2.398278564214706421e-01, 9.129904210567474365e-03, 5.530903935432434082e-01, -2.038821429014205933e-01
-1.565205335617065430e+00, 7.167657017707824707e-01, 2.398289293050765991e-01, 9.129904210567474365e-03, 5.530903935432434082e-01, -2.038857042789459229e-01
-1.565204381942749023e+00, 7.167649269104003906e-01, 2.398278564214706421e-01, 9.129904210567474365e-03, 5.530903935432434082e-01, -2.038785964250564575e-01
-1.565201878547668457e+00, 7.167657017707824707e-01, 2.398282289505004883e-01, 9.129904210567474365e-03, 5.530903935432434082e-01, -2.038857042789459229e-01
-1.565203905105590820e+00, 7.167649269104003906e-01, 2.398278564214706421e-01, 9.129904210567474365e-03, 5.530903935432434082e-01, -2.038821429014205933e-01
-1.565204381942749023e+00, 7.167657017707824707e-01, 2.398282289505004883e-01, 9.128065779805183411e-03, 5.530903935432434082e-01, -2.038821429014205933e-01
-1.565204381942749023e+00, 7.167657017707824707e-01, 2.398282289505004883e-01, 9.128065779805183411e-03, 5.530884861946105957e-01, -2.038857042789459229e-01
-1.565204381942749023e+00, 7.167657017707824707e-01, 2.398271560668945312e-01, 9.129904210567474365e-03, 5.530884861946105957e-01, -2.038821429014205933e-01
-1.565204381942749023e+00, 7.167657017707824707e-01, 2.398278564214706421e-01, 9.129904210567474365e-03, 5.530884861946105957e-01, -2.038857042789459229e-01
-1.565201878547668457e+00, 7.167657017707824707e-01, 2.398282289505004883e-01, 9.129904210567474365e-03, 5.530884861946105957e-01, -2.038857042789459229e-01
-1.565203905105590820e+00, 7.167657017707824707e-01, 2.398278564214706421e-01, 9.132662788033485413e-03, 5.530884861946105957e-01, -2.038857042789459229e-01
-1.565204381942749023e+00, 7.167668342590332031e-01, 2.398278564214706421e-01, 9.129904210567474365e-03, 5.530884861946105957e-01, -2.038821429014205933e-01
-1.565201878547668457e+00, 7.167657017707824707e-01, 2.398278564214706421e-01, 9.129904210567474365e-03, 5.530884861946105957e-01, -2.038857042789459229e-01
-1.565201878547668457e+00, 7.167657017707824707e-01, 2.398278564214706421e-01, 9.129904210567474365e-03, 5.530856847763061523e-01, -2.038857042789459229e-01
-1.565204381942749023e+00, 7.167649269104003906e-01, 2.398278564214706421e-01, 9.129904210567474365e-03, 5.530884861946105957e-01, -2.038857042789459229e-01
-1.565202355384826660e+00, 7.167657017707824707e-01, 2.398282289505004883e-01, 9.129904210567474365e-03, 5.530884861946105957e-01, -2.038857042789459229e-01
-1.565201878547668457e+00, 7.167657017707824707e-01, 2.398282289505004883e-01, 9.129904210567474365e-03, 5.530884861946105957e-01, -2.038857042789459229e-01
-1.565203905105590820e+00, 7.167657017707824707e-01, 2.398278564214706421e-01, 9.128065779805183411e-03, 5.530884861946105957e-01, -2.038857042789459229e-01
-1.565201401710510254e+00, 7.167657017707824707e-01, 2.398278564214706421e-01, 9.129904210567474365e-03, 5.530884861946105957e-01, -2.038857042789459229e-01
-1.565201878547668457e+00, 7.167668342590332031e-01, 2.398282289505004883e-01, 9.129904210567474365e-03, 5.530884861946105957e-01, -2.038857042789459229e-01
-1.565203905105590820e+00, 7.167668342590332031e-01, 2.398278564214706421e-01, 9.129904210567474365e-03, 5.530884861946105957e-01, -2.038821429014205933e-01
-1.565200924873352051e+00, 7.167657017707824707e-01, 2.398278564214706421e-01, 9.128065779805183411e-03, 5.530884861946105957e-01, -2.038857042789459229e-01
-1.565200924873352051e+00, 7.167657017707824707e-01, 2.398278564214706421e-01, 9.129904210567474365e-03, 5.530903935432434082e-01, -2.038857042789459229e-01
-1.565204381942749023e+00, 7.167657017707824707e-01, 2.398271560668945312e-01, 9.129904210567474365e-03, 5.530884861946105957e-01, -2.038821429014205933e-01
-1.565200924873352051e+00, 7.167657017707824707e-01, 2.398271560668945312e-01, 9.129904210567474365e-03, 5.530903935432434082e-01, -2.038821429014205933e-01
-1.565203428268432617e+00, 7.167657017707824707e-01, 2.398271560668945312e-01, 9.129904210567474365e-03, 5.530903935432434082e-01, -2.038857042789459229e-01
-1.565203428268432617e+00, 7.167668342590332031e-01, 2.398278564214706421e-01, 9.128065779805183411e-03, 5.530884861946105957e-01, -2.038857042789459229e-01
-1.565200924873352051e+00, 7.167657017707824707e-01, 2.398271560668945312e-01, 9.129904210567474365e-03, 5.530884861946105957e-01, -2.038857042789459229e-01
-1.565201401710510254e+00, 7.167649269104003906e-01, 2.398271560668945312e-01, 9.128065779805183411e-03, 5.530884861946105957e-01, -2.038857042789459229e-01
-1.565203428268432617e+00, 7.167657017707824707e-01, 2.398278564214706421e-01, 9.129904210567474365e-03, 5.530884861946105957e-01, -2.038880586624145508e-01
-1.565201401710510254e+00, 7.167657017707824707e-01, 2.398271560668945312e-01, 9.129904210567474365e-03, 5.530903935432434082e-01, -2.038821429014205933e-01
-1.565203905105590820e+00, 7.167657017707824707e-01, 2.398271560668945312e-01, 9.128065779805183411e-03, 5.530903935432434082e-01, -2.038857042789459229e-01
-1.565202355384826660e+00, 7.167649269104003906e-01, 2.398271560668945312e-01, 9.128065779805183411e-03, 5.530884861946105957e-01, -2.038857042789459229e-01
-1.565201401710510254e+00, 7.167657017707824707e-01, 2.398271560668945312e-01, 9.128065779805183411e-03, 5.530903935432434082e-01, -2.038857042789459229e-01
-1.565201401710510254e+00, 7.167668342590332031e-01, 2.398271560668945312e-01, 9.129904210567474365e-03, 5.530884861946105957e-01, -2.038857042789459229e-01
-1.565202355384826660e+00, 7.167657017707824707e-01, 2.398271560668945312e-01, 9.129904210567474365e-03, 5.530884861946105957e-01, -2.038857042789459229e-01
-1.565200924873352051e+00, 7.167649269104003906e-01, 2.398271560668945312e-01, 9.128065779805183411e-03, 5.530884861946105957e-01, -2.038857042789459229e-01
-1.565200924873352051e+00, 7.167649269104003906e-01, 2.398271560668945312e-01, 9.128065779805183411e-03, 5.530903935432434082e-01, -2.038821429014205933e-01
-1.565202355384826660e+00, 7.167649269104003906e-01, 2.398267835378646851e-01, 9.129904210567474365e-03, 5.530903935432434082e-01, -2.038857042789459229e-01
-1.565200924873352051e+00, 7.167649269104003906e-01, 2.398271560668945312e-01, 9.128065779805183411e-03, 5.530903935432434082e-01, -2.038821429014205933e-01
-1.565202355384826660e+00, 7.167649269104003906e-01, 2.398267835378646851e-01, 9.128065779805183411e-03, 5.530903935432434082e-01, -2.038857042789459229e-01
-1.565202355384826660e+00, 7.167649269104003906e-01, 2.398267835378646851e-01, 9.128065779805183411e-03, 5.530903935432434082e-01, -2.038857042789459229e-01
-1.565199971199035645e+00, 7.167649269104003906e-01, 2.398271560668945312e-01, 9.128065779805183411e-03, 5.530903935432434082e-01, -2.038857042789459229e-01
-1.565202355384826660e+00, 7.167668342590332031e-01, 2.398267835378646851e-01, 9.128065779805183411e-03, 5.530903935432434082e-01, -2.038857042789459229e-01
-1.565203905105590820e+00, 7.167649269104003906e-01, 2.398271560668945312e-01, 9.126227349042892456e-03, 5.530903935432434082e-01, -2.038857042789459229e-01
-1.565201878547668457e+00, 7.167649269104003906e-01, 2.398260831832885742e-01, 9.128065779805183411e-03, 5.530931353569030762e-01, -2.038821429014205933e-01
-1.565199971199035645e+00, 7.167649269104003906e-01, 2.398267835378646851e-01, 9.129904210567474365e-03, 5.530903935432434082e-01, -2.038857042789459229e-01
-1.565202355384826660e+00, 7.167649269104003906e-01, 2.398271560668945312e-01, 9.128065779805183411e-03, 5.530903935432434082e-01, -2.038857042789459229e-01
-1.565199494361877441e+00, 7.167657017707824707e-01, 2.398267835378646851e-01, 9.128065779805183411e-03, 5.530903935432434082e-01, -2.038857042789459229e-01
-1.565199971199035645e+00, 7.167649269104003906e-01, 2.398271560668945312e-01, 9.128065779805183411e-03, 5.530931353569030762e-01, -2.038857042789459229e-01
-1.565201401710510254e+00, 7.167657017707824707e-01, 2.398260831832885742e-01, 9.126227349042892456e-03, 5.530931353569030762e-01, -2.038821429014205933e-01
-1.565200924873352051e+00, 7.167649269104003906e-01, 2.398260831832885742e-01, 9.128065779805183411e-03, 5.530931353569030762e-01, -2.038857042789459229e-01
-1.565200924873352051e+00, 7.167657017707824707e-01, 2.398260831832885742e-01, 9.128065779805183411e-03, 5.530903935432434082e-01, -2.038857042789459229e-01
-1.565201878547668457e+00, 7.167649269104003906e-01, 2.398260831832885742e-01, 9.126227349042892456e-03, 5.530931353569030762e-01, -2.038857042789459229e-01
-1.565199971199035645e+00, 7.167649269104003906e-01, 2.398260831832885742e-01, 9.128065779805183411e-03, 5.530931353569030762e-01, -2.038857042789459229e-01
-1.565199971199035645e+00, 7.167649269104003906e-01, 2.398260831832885742e-01, 9.128065779805183411e-03, 5.530949831008911133e-01, -2.038857042789459229e-01
-1.565199971199035645e+00, 7.167649269104003906e-01, 2.398260831832885742e-01, 9.128065779805183411e-03, 5.530931353569030762e-01, -2.038857042789459229e-01
-1.565199971199035645e+00, 7.167657017707824707e-01, 2.398260831832885742e-01, 9.128065779805183411e-03, 5.530931353569030762e-01, -2.038857042789459229e-01
-1.565200924873352051e+00, 7.167649269104003906e-01, 2.398257404565811157e-01, 9.126227349042892456e-03, 5.530931353569030762e-01, -2.038821429014205933e-01
-1.565199971199035645e+00, 7.167649269104003906e-01, 2.398257404565811157e-01, 9.123469702899456024e-03, 5.530949831008911133e-01, -2.038857042789459229e-01
-1.565196871757507324e+00, 7.167649269104003906e-01, 2.398250401020050049e-01, 9.126227349042892456e-03, 5.530931353569030762e-01, -2.038857042789459229e-01
-1.565198779106140137e+00, 7.167649269104003906e-01, 2.398250401020050049e-01, 9.123469702899456024e-03, 5.530903935432434082e-01, -2.038857042789459229e-01
-1.565198779106140137e+00, 7.167649269104003906e-01, 2.398246675729751587e-01, 9.126227349042892456e-03, 5.530949831008911133e-01, -2.038857042789459229e-01
-1.565197825431823730e+00, 7.167649269104003906e-01, 2.398246675729751587e-01, 9.126227349042892456e-03, 5.530931353569030762e-01, -2.038857042789459229e-01
-1.565197825431823730e+00, 7.167649269104003906e-01, 2.398250401020050049e-01, 9.126227349042892456e-03, 5.530949831008911133e-01, -2.038857042789459229e-01
-1.565198779106140137e+00, 7.167649269104003906e-01, 2.398246675729751587e-01, 9.126227349042892456e-03, 5.530949831008911133e-01, -2.038857042789459229e-01
-1.565197348594665527e+00, 7.167637348175048828e-01, 2.398246675729751587e-01, 9.126227349042892456e-03, 5.530931353569030762e-01, -2.038857042789459229e-01
-1.565196871757507324e+00, 7.167649269104003906e-01, 2.398250401020050049e-01, 9.126227349042892456e-03, 5.530949831008911133e-01, -2.038880586624145508e-01
-1.565195322036743164e+00, 7.167637348175048828e-01, 2.398246675729751587e-01, 9.126227349042892456e-03, 5.530949831008911133e-01, -2.038880586624145508e-01
-1.565196871757507324e+00, 7.167637348175048828e-01, 2.398235946893692017e-01, 9.123469702899456024e-03, 5.530949831008911133e-01, -2.038821429014205933e-01
-1.565195322036743164e+00, 7.167649269104003906e-01, 2.398235946893692017e-01, 9.123469702899456024e-03, 5.530931353569030762e-01, -2.038880586624145508e-01
-1.565194845199584961e+00, 7.167637348175048828e-01, 2.398235946893692017e-01, 9.123469702899456024e-03, 5.530949831008911133e-01, -2.038857042789459229e-01
-1.565192461013793945e+00, 7.167637348175048828e-01, 2.398235946893692017e-01, 9.121631272137165070e-03, 5.530949831008911133e-01, -2.038857042789459229e-01
-1.565193414688110352e+00, 7.167637348175048828e-01, 2.398235946893692017e-01, 9.123469702899456024e-03, 5.530949831008911133e-01, -2.038880586624145508e-01
-1.565192937850952148e+00, 7.167637348175048828e-01, 2.398228943347930908e-01, 9.123469702899456024e-03, 5.530949831008911133e-01, -2.038880586624145508e-01
-1.565193414688110352e+00, 7.167637348175048828e-01, 2.398239672183990479e-01, 9.123469702899456024e-03, 5.530949831008911133e-01, -2.038880586624145508e-01
-1.565192937850952148e+00, 7.167637348175048828e-01, 2.398235946893692017e-01, 9.121631272137165070e-03, 5.530949831008911133e-01, -2.038857042789459229e-01
-1.565191745758056641e+00, 7.167637348175048828e-01, 2.398228943347930908e-01, 9.123469702899456024e-03, 5.530949831008911133e-01, -2.038857042789459229e-01
-1.565188288688659668e+00, 7.167637348175048828e-01, 2.398228943347930908e-01, 9.123469702899456024e-03, 5.530931353569030762e-01, -2.038857042789459229e-01
-1.565188288688659668e+00, 7.167629599571228027e-01, 2.398225516080856323e-01, 9.123469702899456024e-03, 5.530949831008911133e-01, -2.038880586624145508e-01
-1.565190792083740234e+00, 7.167629599571228027e-01, 2.398218363523483276e-01, 9.123469702899456024e-03, 5.530949831008911133e-01, -2.038857042789459229e-01
-1.565189838409423828e+00, 7.167629599571228027e-01, 2.398218363523483276e-01, 9.121631272137165070e-03, 5.530949831008911133e-01, -2.038857042789459229e-01
-1.565189838409423828e+00, 7.167629599571228027e-01, 2.398214787244796753e-01, 9.121631272137165070e-03, 5.530949831008911133e-01, -2.038857042789459229e-01
-1.565188288688659668e+00, 7.167629599571228027e-01, 2.398207634687423706e-01, 9.121631272137165070e-03, 5.530949831008911133e-01, -2.038880586624145508e-01
-1.565189838409423828e+00, 7.167629599571228027e-01, 2.398204058408737183e-01, 9.121631272137165070e-03, 5.530949831008911133e-01, -2.038857042789459229e-01
-1.565188884735107422e+00, 7.167629599571228027e-01, 2.398204058408737183e-01, 9.121631272137165070e-03, 5.530949831008911133e-01, -2.038857042789459229e-01
-1.565188288688659668e+00, 7.167629599571228027e-01, 2.398204058408737183e-01, 9.121631272137165070e-03, 5.530949831008911133e-01, -2.038857042789459229e-01
-1.565188884735107422e+00, 7.167629599571228027e-01, 2.398196905851364136e-01, 9.123469702899456024e-03, 5.530949831008911133e-01, -2.038821429014205933e-01
-1.565187335014343262e+00, 7.167629599571228027e-01, 2.398186177015304565e-01, 9.119791910052299500e-03, 5.530949831008911133e-01, -2.038857042789459229e-01
-1.565187811851501465e+00, 7.167617678642272949e-01, 2.398186177015304565e-01, 9.119791910052299500e-03, 5.530949831008911133e-01, -2.038857042789459229e-01
-1.565188288688659668e+00, 7.167629599571228027e-01, 2.398182898759841919e-01, 9.119791910052299500e-03, 5.530949831008911133e-01, -2.038880586624145508e-01
-1.565187335014343262e+00, 7.167617678642272949e-01, 2.398175746202468872e-01, 9.119791910052299500e-03, 5.530977845191955566e-01, -2.038880586624145508e-01
-1.565187811851501465e+00, 7.167617678642272949e-01, 2.398165017366409302e-01, 9.119791910052299500e-03, 5.530977845191955566e-01, -2.038857042789459229e-01
-1.565187335014343262e+00, 7.167617678642272949e-01, 2.398165017366409302e-01, 9.119791910052299500e-03, 5.530949831008911133e-01, -2.038880586624145508e-01
-1.565186381340026855e+00, 7.167617678642272949e-01, 2.398154288530349731e-01, 9.119791910052299500e-03, 5.530949831008911133e-01, -2.038857042789459229e-01
-1.565184235572814941e+00, 7.167617678642272949e-01, 2.398154288530349731e-01, 9.117034263908863068e-03, 5.530977845191955566e-01, -2.038857042789459229e-01
-1.565184235572814941e+00, 7.167617678642272949e-01, 2.398151010274887085e-01, 9.119791910052299500e-03, 5.530949831008911133e-01, -2.038880586624145508e-01
-1.565184235572814941e+00, 7.167617678642272949e-01, 2.398143857717514038e-01, 9.117034263908863068e-03, 5.530977845191955566e-01, -2.038857042789459229e-01
-1.565182328224182129e+00, 7.167617678642272949e-01, 2.398140132427215576e-01, 9.117034263908863068e-03, 5.530977845191955566e-01, -2.038880586624145508e-01
-1.565183281898498535e+00, 7.167609333992004395e-01, 2.398140132427215576e-01, 9.117034263908863068e-03, 5.530977845191955566e-01, -2.038857042789459229e-01
-1.565182328224182129e+00, 7.167597413063049316e-01, 2.398122400045394897e-01, 9.117034263908863068e-03, 5.530949831008911133e-01, -2.038857042789459229e-01
-1.565182328224182129e+00, 7.167609333992004395e-01, 2.398118972778320312e-01, 9.117034263908863068e-03, 5.530977845191955566e-01, -2.038857042789459229e-01
-1.565181374549865723e+00, 7.167609333992004395e-01, 2.398118972778320312e-01, 9.115195833146572113e-03, 5.530949831008911133e-01, -2.038857042789459229e-01
-1.565180778503417969e+00, 7.167609333992004395e-01, 2.398108243942260742e-01, 9.117034263908863068e-03, 5.530977845191955566e-01, -2.038880586624145508e-01
-1.565179347991943359e+00, 7.167609333992004395e-01, 2.398101240396499634e-01, 9.115195833146572113e-03, 5.530949831008911133e-01, -2.038857042789459229e-01
-1.565178871154785156e+00, 7.167597413063049316e-01, 2.398097515106201172e-01, 9.115195833146572113e-03, 5.530949831008911133e-01, -2.038880586624145508e-01
-1.565178871154785156e+00, 7.167589664459228516e-01, 2.398097515106201172e-01, 9.115195833146572113e-03, 5.530949831008911133e-01, -2.038857042789459229e-01
-1.565177917480468750e+00, 7.167597413063049316e-01, 2.398087084293365479e-01, 9.117034263908863068e-03, 5.530977845191955566e-01, -2.038857042789459229e-01
-1.565177321434020996e+00, 7.167597413063049316e-01, 2.398087084293365479e-01, 9.113357402384281158e-03, 5.530977845191955566e-01, -2.038857042789459229e-01
-1.565176844596862793e+00, 7.167597413063049316e-01, 2.398079782724380493e-01, 9.113357402384281158e-03, 5.530977845191955566e-01, -2.038880586624145508e-01
-1.565176367759704590e+00, 7.167597413063049316e-01, 2.398076355457305908e-01, 9.115195833146572113e-03, 5.530949831008911133e-01, -2.038857042789459229e-01
-1.565175414085388184e+00, 7.167597413063049316e-01, 2.398065626621246338e-01, 9.113357402384281158e-03, 5.530949831008911133e-01, -2.038857042789459229e-01
-1.565174937248229980e+00, 7.167589664459228516e-01, 2.398058623075485229e-01, 9.113357402384281158e-03, 5.530949831008911133e-01, -2.038880586624145508e-01
-1.565174341201782227e+00, 7.167577743530273438e-01, 2.398058623075485229e-01, 9.113357402384281158e-03, 5.530977845191955566e-01, -2.038857042789459229e-01
-1.565173268318176270e+00, 7.167589664459228516e-01, 2.398054897785186768e-01, 9.113357402384281158e-03, 5.530977845191955566e-01, -2.038857042789459229e-01
-1.565173268318176270e+00, 7.167589664459228516e-01, 2.398044466972351074e-01, 9.110598824918270111e-03, 5.530977845191955566e-01, -2.038880586624145508e-01
-1.565172791481018066e+00, 7.167589664459228516e-01, 2.398044466972351074e-01, 9.113357402384281158e-03, 5.530977845191955566e-01, -2.038821429014205933e-01
-1.565171360969543457e+00, 7.167589664459228516e-01, 2.398037463426589966e-01, 9.110598824918270111e-03, 5.530977845191955566e-01, -2.038857042789459229e-01
-1.565172314643859863e+00, 7.167589664459228516e-01, 2.398026734590530396e-01, 9.110598824918270111e-03, 5.530949831008911133e-01, -2.038857042789459229e-01
-1.565170884132385254e+00, 7.167577743530273438e-01, 2.398033738136291504e-01, 9.110598824918270111e-03, 5.530977845191955566e-01, -2.038857042789459229e-01
-1.565170288085937500e+00, 7.167577743530273438e-01, 2.398026734590530396e-01, 9.110598824918270111e-03, 5.530977845191955566e-01, -2.038880586624145508e-01
-1.565169811248779297e+00, 7.167577743530273438e-01, 2.398023009300231934e-01, 9.108760394155979156e-03, 5.530977845191955566e-01, -2.038880586624145508e-01
-1.565170884132385254e+00, 7.167577743530273438e-01, 2.398016005754470825e-01, 9.108760394155979156e-03, 5.530977845191955566e-01, -2.038857042789459229e-01
-1.565168380737304688e+00, 7.167577743530273438e-01, 2.398012578487396240e-01, 9.110598824918270111e-03, 5.530949831008911133e-01, -2.038857042789459229e-01
-1.565168380737304688e+00, 7.167565822601318359e-01, 2.398005574941635132e-01, 9.110598824918270111e-03, 5.530977845191955566e-01, -2.038857042789459229e-01
-1.565168380737304688e+00, 7.167565822601318359e-01, 2.398001849651336670e-01, 9.108760394155979156e-03, 5.530949831008911133e-01, -2.038857042789459229e-01
-1.565166234970092773e+00, 7.167565822601318359e-01, 2.397994846105575562e-01, 9.108760394155979156e-03, 5.530949831008911133e-01, -2.038857042789459229e-01
-1.565166234970092773e+00, 7.167558073997497559e-01, 2.397994846105575562e-01, 9.108760394155979156e-03, 5.530949831008911133e-01, -2.038857042789459229e-01
-1.565166234970092773e+00, 7.167565822601318359e-01, 2.397994846105575562e-01, 9.108760394155979156e-03, 5.530949831008911133e-01, -2.038857042789459229e-01
-1.565164804458618164e+00, 7.167558073997497559e-01, 2.397991120815277100e-01, 9.108760394155979156e-03, 5.530977845191955566e-01, -2.038857042789459229e-01
-1.565164804458618164e+00, 7.167558073997497559e-01, 2.397980690002441406e-01, 9.108760394155979156e-03, 5.530977845191955566e-01, -2.038857042789459229e-01
-1.565163850784301758e+00, 7.167565822601318359e-01, 2.397980690002441406e-01, 9.108760394155979156e-03, 5.530977845191955566e-01, -2.038857042789459229e-01
-1.565164327621459961e+00, 7.167558073997497559e-01, 2.397973388433456421e-01, 9.108760394155979156e-03, 5.530977845191955566e-01, -2.038857042789459229e-01
-1.565165758132934570e+00, 7.167546749114990234e-01, 2.397973388433456421e-01, 9.108760394155979156e-03, 5.530949831008911133e-01, -2.038857042789459229e-01
-1.565163254737854004e+00, 7.167558073997497559e-01, 2.397969961166381836e-01, 9.106921032071113586e-03, 5.530949831008911133e-01, -2.038857042789459229e-01
-1.565163254737854004e+00, 7.167558073997497559e-01, 2.397962808609008789e-01, 9.108760394155979156e-03, 5.530977845191955566e-01, -2.038857042789459229e-01
-1.565162301063537598e+00, 7.167546749114990234e-01, 2.397969961166381836e-01, 9.106921032071113586e-03, 5.530977845191955566e-01, -2.038857042789459229e-01
-1.565163254737854004e+00, 7.167546749114990234e-01, 2.397962808609008789e-01, 9.106921032071113586e-03, 5.530977845191955566e-01, -2.038857042789459229e-01
-1.565162301063537598e+00, 7.167546749114990234e-01, 2.397959232330322266e-01, 9.108760394155979156e-03, 5.530977845191955566e-01, -2.038857042789459229e-01
-1.565160393714904785e+00, 7.167546749114990234e-01, 2.397952079772949219e-01, 9.106921032071113586e-03, 5.530949831008911133e-01, -2.038857042789459229e-01
-1.565161824226379395e+00, 7.167546749114990234e-01, 2.397952079772949219e-01, 9.106921032071113586e-03, 5.530977845191955566e-01, -2.038880586624145508e-01
-1.565159678459167480e+00, 7.167546749114990234e-01, 2.397948503494262695e-01, 9.108760394155979156e-03, 5.530949831008911133e-01, -2.038857042789459229e-01
-1.565160393714904785e+00, 7.167546749114990234e-01, 2.397948503494262695e-01, 9.106921032071113586e-03, 5.530949831008911133e-01, -2.038857042789459229e-01
-1.565160393714904785e+00, 7.167546749114990234e-01, 2.397948503494262695e-01, 9.106921032071113586e-03, 5.530949831008911133e-01, -2.038857042789459229e-01
-1.565159678459167480e+00, 7.167538404464721680e-01, 2.397938072681427002e-01, 9.108760394155979156e-03, 5.530949831008911133e-01, -2.038857042789459229e-01
-1.565159678459167480e+00, 7.167546749114990234e-01, 2.397938072681427002e-01, 9.106921032071113586e-03, 5.530949831008911133e-01, -2.038857042789459229e-01
-1.565159678459167480e+00, 7.167546749114990234e-01, 2.397938072681427002e-01, 9.108760394155979156e-03, 5.530977845191955566e-01, -2.038857042789459229e-01
-1.565159201622009277e+00, 7.167546749114990234e-01, 2.397938072681427002e-01, 9.106921032071113586e-03, 5.530949831008911133e-01, -2.038821429014205933e-01
-1.565159201622009277e+00, 7.167538404464721680e-01, 2.397930920124053955e-01, 9.108760394155979156e-03, 5.530977845191955566e-01, -2.038857042789459229e-01
-1.565159201622009277e+00, 7.167546749114990234e-01, 2.397927343845367432e-01, 9.108760394155979156e-03, 5.530977845191955566e-01, -2.038857042789459229e-01
-1.565159201622009277e+00, 7.167546749114990234e-01, 2.397927343845367432e-01, 9.108760394155979156e-03, 5.530949831008911133e-01, -2.038857042789459229e-01
-1.565159201622009277e+00, 7.167538404464721680e-01, 2.397938072681427002e-01, 9.106921032071113586e-03, 5.530949831008911133e-01, -2.038857042789459229e-01
-1.565157771110534668e+00, 7.167538404464721680e-01, 2.397920191287994385e-01, 9.108760394155979156e-03, 5.530949831008911133e-01, -2.038857042789459229e-01
-1.565158247947692871e+00, 7.167526483535766602e-01, 2.397920191287994385e-01, 9.106921032071113586e-03, 5.530949831008911133e-01, -2.038916200399398804e-01
-1.565158247947692871e+00, 7.167526483535766602e-01, 2.397927343845367432e-01, 9.108760394155979156e-03, 5.530949831008911133e-01, -2.038857042789459229e-01
-1.565157771110534668e+00, 7.167526483535766602e-01, 2.397920191287994385e-01, 9.106921032071113586e-03, 5.530977845191955566e-01, -2.038857042789459229e-01
-1.565157294273376465e+00, 7.167526483535766602e-01, 2.397920191287994385e-01, 9.108760394155979156e-03, 5.530949831008911133e-01, -2.038857042789459229e-01
-1.565158247947692871e+00, 7.167526483535766602e-01, 2.397916615009307861e-01, 9.108760394155979156e-03, 5.530949831008911133e-01, -2.038857042789459229e-01
-1.565157294273376465e+00, 7.167518734931945801e-01, 2.397920191287994385e-01, 9.108760394155979156e-03, 5.530949831008911133e-01, -2.038857042789459229e-01
-1.565157771110534668e+00, 7.167526483535766602e-01, 2.397916615009307861e-01, 9.108760394155979156e-03, 5.530949831008911133e-01, -2.038821429014205933e-01
-1.565157294273376465e+00, 7.167526483535766602e-01, 2.397909462451934814e-01, 9.106921032071113586e-03, 5.530949831008911133e-01, -2.038857042789459229e-01
-1.565157294273376465e+00, 7.167518734931945801e-01, 2.397909462451934814e-01, 9.108760394155979156e-03, 5.530949831008911133e-01, -2.038857042789459229e-01
-1.565157294273376465e+00, 7.167518734931945801e-01, 2.397906035184860229e-01, 9.108760394155979156e-03, 5.530931353569030762e-01, -2.038857042789459229e-01
-1.565157771110534668e+00, 7.167526483535766602e-01, 2.397909462451934814e-01, 9.108760394155979156e-03, 5.530949831008911133e-01, -2.038880586624145508e-01
-1.565157294273376465e+00, 7.167518734931945801e-01, 2.397906035184860229e-01, 9.108760394155979156e-03, 5.530949831008911133e-01, -2.038857042789459229e-01
-1.565157294273376465e+00, 7.167518734931945801e-01, 2.397906035184860229e-01, 9.108760394155979156e-03, 5.530949831008911133e-01, -2.038857042789459229e-01
-1.565157294273376465e+00, 7.167518734931945801e-01, 2.397906035184860229e-01, 9.108760394155979156e-03, 5.530949831008911133e-01, -2.038857042789459229e-01
-1.565157771110534668e+00, 7.167518734931945801e-01, 2.397899031639099121e-01, 9.108760394155979156e-03, 5.530977845191955566e-01, -2.038821429014205933e-01
-1.565157771110534668e+00, 7.167518734931945801e-01, 2.397906035184860229e-01, 9.108760394155979156e-03, 5.530949831008911133e-01, -2.038857042789459229e-01
-1.565157294273376465e+00, 7.167518734931945801e-01, 2.397906035184860229e-01, 9.108760394155979156e-03, 5.530949831008911133e-01, -2.038857042789459229e-01
-1.565156221389770508e+00, 7.167518734931945801e-01, 2.397899031639099121e-01, 9.108760394155979156e-03, 5.530949831008911133e-01, -2.038857042789459229e-01
-1.565156221389770508e+00, 7.167518734931945801e-01, 2.397906035184860229e-01, 9.108760394155979156e-03, 5.530949831008911133e-01, -2.038857042789459229e-01
-1.565157294273376465e+00, 7.167506814002990723e-01, 2.397899031639099121e-01, 9.108760394155979156e-03, 5.530949831008911133e-01, -2.038857042789459229e-01
-1.565157294273376465e+00, 7.167518734931945801e-01, 2.397906035184860229e-01, 9.108760394155979156e-03, 5.530949831008911133e-01, -2.038857042789459229e-01
-1.565156221389770508e+00, 7.167499065399169922e-01, 2.397906035184860229e-01, 9.108760394155979156e-03, 5.530949831008911133e-01, -2.038857042789459229e-01
-1.565156221389770508e+00, 7.167506814002990723e-01, 2.397906035184860229e-01, 9.108760394155979156e-03, 5.530949831008911133e-01, -2.038857042789459229e-01
-1.565157294273376465e+00, 7.167506814002990723e-01, 2.397895306348800659e-01, 9.108760394155979156e-03, 5.530949831008911133e-01, -2.038857042789459229e-01
-1.565156221389770508e+00, 7.167506814002990723e-01, 2.397899031639099121e-01, 9.108760394155979156e-03, 5.530949831008911133e-01, -2.038857042789459229e-01
-1.565157294273376465e+00, 7.167506814002990723e-01, 2.397899031639099121e-01, 9.108760394155979156e-03, 5.530949831008911133e-01, -2.038821429014205933e-01
-1.565157294273376465e+00, 7.167506814002990723e-01, 2.397899031639099121e-01, 9.108760394155979156e-03, 5.530949831008911133e-01, -2.038857042789459229e-01
-1.565157294273376465e+00, 7.167499065399169922e-01, 2.397895306348800659e-01, 9.108760394155979156e-03, 5.530931353569030762e-01, -2.038857042789459229e-01
-1.565155267715454102e+00, 7.167499065399169922e-01, 2.397895306348800659e-01, 9.108760394155979156e-03, 5.530931353569030762e-01, -2.038857042789459229e-01
-1.565156221389770508e+00, 7.167499065399169922e-01, 2.397906035184860229e-01, 9.108760394155979156e-03, 5.530949831008911133e-01, -2.038857042789459229e-01
-1.565156221389770508e+00, 7.167499065399169922e-01, 2.397895306348800659e-01, 9.108760394155979156e-03, 5.530931353569030762e-01, -2.038857042789459229e-01
-1.565157294273376465e+00, 7.167499065399169922e-01, 2.397906035184860229e-01, 9.108760394155979156e-03, 5.530931353569030762e-01, -2.038821429014205933e-01
-1.565156221389770508e+00, 7.167499065399169922e-01, 2.397895306348800659e-01, 9.108760394155979156e-03, 5.530931353569030762e-01, -2.038857042789459229e-01
-1.565157294273376465e+00, 7.167499065399169922e-01, 2.397895306348800659e-01, 9.108760394155979156e-03, 5.530949831008911133e-01, -2.038857042789459229e-01
-1.565156221389770508e+00, 7.167499065399169922e-01, 2.397906035184860229e-01, 9.110598824918270111e-03, 5.530903935432434082e-01, -2.038821429014205933e-01
-1.565157771110534668e+00, 7.167499065399169922e-01, 2.397899031639099121e-01, 9.108760394155979156e-03, 5.530931353569030762e-01, -2.038857042789459229e-01
-1.565157294273376465e+00, 7.167499065399169922e-01, 2.397888302803039551e-01, 9.108760394155979156e-03, 5.530931353569030762e-01, -2.038857042789459229e-01
-1.565156221389770508e+00, 7.167499065399169922e-01, 2.397895306348800659e-01, 9.108760394155979156e-03, 5.530903935432434082e-01, -2.038821429014205933e-01
-1.565156221389770508e+00, 7.167499065399169922e-01, 2.397899031639099121e-01, 9.110598824918270111e-03, 5.530931353569030762e-01, -2.038857042789459229e-01
-1.565157294273376465e+00, 7.167499065399169922e-01, 2.397895306348800659e-01, 9.108760394155979156e-03, 5.530903935432434082e-01, -2.038857042789459229e-01
-1.565154790878295898e+00, 7.167499065399169922e-01, 2.397899031639099121e-01, 9.108760394155979156e-03, 5.530931353569030762e-01, -2.038857042789459229e-01
-1.565156221389770508e+00, 7.167499065399169922e-01, 2.397895306348800659e-01, 9.108760394155979156e-03, 5.530949831008911133e-01, -2.038821429014205933e-01
-1.565156221389770508e+00, 7.167499065399169922e-01, 2.397899031639099121e-01, 9.110598824918270111e-03, 5.530931353569030762e-01, -2.038857042789459229e-01
-1.565157294273376465e+00, 7.167499065399169922e-01, 2.397899031639099121e-01, 9.108760394155979156e-03, 5.530931353569030762e-01, -2.038857042789459229e-01
-1.565157294273376465e+00, 7.167487144470214844e-01, 2.397895306348800659e-01, 9.110598824918270111e-03, 5.530931353569030762e-01, -2.038857042789459229e-01
-1.565157771110534668e+00, 7.167499065399169922e-01, 2.397899031639099121e-01, 9.108760394155979156e-03, 5.530949831008911133e-01, -2.038857042789459229e-01
-1.565153837203979492e+00, 7.167487144470214844e-01, 2.397895306348800659e-01, 9.110598824918270111e-03, 5.530949831008911133e-01, -2.038857042789459229e-01
-1.565157294273376465e+00, 7.167487144470214844e-01, 2.397899031639099121e-01, 9.110598824918270111e-03, 5.530903935432434082e-01, -2.038821429014205933e-01
-1.565155267715454102e+00, 7.167487144470214844e-01, 2.397899031639099121e-01, 9.110598824918270111e-03, 5.530931353569030762e-01, -2.038821429014205933e-01
-1.565157771110534668e+00, 7.167487144470214844e-01, 2.397895306348800659e-01, 9.108760394155979156e-03, 5.530903935432434082e-01, -2.038857042789459229e-01
-1.565157294273376465e+00, 7.167487144470214844e-01, 2.397899031639099121e-01, 9.110598824918270111e-03, 5.530903935432434082e-01, -2.038857042789459229e-01
-1.565156221389770508e+00, 7.167487144470214844e-01, 2.397895306348800659e-01, 9.110598824918270111e-03, 5.530903935432434082e-01, -2.038857042789459229e-01
-1.565156221389770508e+00, 7.167487144470214844e-01, 2.397899031639099121e-01, 9.110598824918270111e-03, 5.530903935432434082e-01, -2.038857042789459229e-01
-1.565157294273376465e+00, 7.167487144470214844e-01, 2.397899031639099121e-01, 9.108760394155979156e-03, 5.530931353569030762e-01, -2.038821429014205933e-01
-1.565155267715454102e+00, 7.167487144470214844e-01, 2.397895306348800659e-01, 9.110598824918270111e-03, 5.530931353569030762e-01, -2.038857042789459229e-01
-1.565155267715454102e+00, 7.167487144470214844e-01, 2.397899031639099121e-01, 9.113357402384281158e-03, 5.530903935432434082e-01, -2.038821429014205933e-01
-1.565157294273376465e+00, 7.167487144470214844e-01, 2.397899031639099121e-01, 9.110598824918270111e-03, 5.530903935432434082e-01, -2.038821429014205933e-01
-1.565158247947692871e+00, 7.167487144470214844e-01, 2.397899031639099121e-01, 9.110598824918270111e-03, 5.530931353569030762e-01, -2.038821429014205933e-01
-1.565156221389770508e+00, 7.167479395866394043e-01, 2.397906035184860229e-01, 9.110598824918270111e-03, 5.530903935432434082e-01, -2.038821429014205933e-01
-1.565159201622009277e+00, 7.167487144470214844e-01, 2.397899031639099121e-01, 9.113357402384281158e-03, 5.530931353569030762e-01, -2.038857042789459229e-01
-1.565155744552612305e+00, 7.167487144470214844e-01, 2.397899031639099121e-01, 9.110598824918270111e-03, 5.530903935432434082e-01, -2.038857042789459229e-01
-1.565155744552612305e+00, 7.167499065399169922e-01, 2.397895306348800659e-01, 9.113357402384281158e-03, 5.530903935432434082e-01, -2.038857042789459229e-01
-1.565158247947692871e+00, 7.167479395866394043e-01, 2.397895306348800659e-01, 9.110598824918270111e-03, 5.530903935432434082e-01, -2.038821429014205933e-01
-1.565157294273376465e+00, 7.167479395866394043e-01, 2.397895306348800659e-01, 9.113357402384281158e-03, 5.530903935432434082e-01, -2.038821429014205933e-01
-1.565157294273376465e+00, 7.167479395866394043e-01, 2.397899031639099121e-01, 9.113357402384281158e-03, 5.530931353569030762e-01, -2.038857042789459229e-01
-1.565158247947692871e+00, 7.167487144470214844e-01, 2.397899031639099121e-01, 9.113357402384281158e-03, 5.530903935432434082e-01, -2.038857042789459229e-01
-1.565154790878295898e+00, 7.167487144470214844e-01, 2.397899031639099121e-01, 9.113357402384281158e-03, 5.530903935432434082e-01, -2.038857042789459229e-01
-1.565157771110534668e+00, 7.167479395866394043e-01, 2.397895306348800659e-01, 9.113357402384281158e-03, 5.530931353569030762e-01, -2.038857042789459229e-01
-1.565157771110534668e+00, 7.167479395866394043e-01, 2.397895306348800659e-01, 9.113357402384281158e-03, 5.530931353569030762e-01, -2.038821429014205933e-01
-1.565155744552612305e+00, 7.167479395866394043e-01, 2.397899031639099121e-01, 9.113357402384281158e-03, 5.530903935432434082e-01, -2.038857042789459229e-01
-1.565157771110534668e+00, 7.167479395866394043e-01, 2.397906035184860229e-01, 9.110598824918270111e-03, 5.530903935432434082e-01, -2.038821429014205933e-01
-1.565158247947692871e+00, 7.167479395866394043e-01, 2.397899031639099121e-01, 9.113357402384281158e-03, 5.530931353569030762e-01, -2.038821429014205933e-01
-1.565158247947692871e+00, 7.167487144470214844e-01, 2.397899031639099121e-01, 9.113357402384281158e-03, 5.530903935432434082e-01, -2.038857042789459229e-01
-1.565156221389770508e+00, 7.167479395866394043e-01, 2.397899031639099121e-01, 9.115195833146572113e-03, 5.530903935432434082e-01, -2.038857042789459229e-01
-1.565157771110534668e+00, 7.167479395866394043e-01, 2.397899031639099121e-01, 9.115195833146572113e-03, 5.530903935432434082e-01, -2.038762420415878296e-01
-1.565158247947692871e+00, 7.167479395866394043e-01, 2.397906035184860229e-01, 9.117034263908863068e-03, 5.530903935432434082e-01, -2.038857042789459229e-01
-1.565156221389770508e+00, 7.167487144470214844e-01, 2.397899031639099121e-01, 9.115195833146572113e-03, 5.530903935432434082e-01, -2.038821429014205933e-01
-1.565159201622009277e+00, 7.167479395866394043e-01, 2.397906035184860229e-01, 9.115195833146572113e-03, 5.530903935432434082e-01, -2.038821429014205933e-01
-1.565158247947692871e+00, 7.167487144470214844e-01, 2.397906035184860229e-01, 9.115195833146572113e-03, 5.530931353569030762e-01, -2.038821429014205933e-01
-1.565155744552612305e+00, 7.167479395866394043e-01, 2.397906035184860229e-01, 9.115195833146572113e-03, 5.530903935432434082e-01, -2.038821429014205933e-01
-1.565159201622009277e+00, 7.167479395866394043e-01, 2.397899031639099121e-01, 9.115195833146572113e-03, 5.530903935432434082e-01, -2.038857042789459229e-01
-1.565159678459167480e+00, 7.167487144470214844e-01, 2.397906035184860229e-01, 9.117034263908863068e-03, 5.530903935432434082e-01, -2.038821429014205933e-01
-1.565158247947692871e+00, 7.167479395866394043e-01, 2.397899031639099121e-01, 9.115195833146572113e-03, 5.530903935432434082e-01, -2.038821429014205933e-01
-1.565157771110534668e+00, 7.167479395866394043e-01, 2.397906035184860229e-01, 9.117034263908863068e-03, 5.530903935432434082e-01, -2.038821429014205933e-01
-1.565159678459167480e+00, 7.167479395866394043e-01, 2.397906035184860229e-01, 9.117034263908863068e-03, 5.530903935432434082e-01, -2.038821429014205933e-01
-1.565159678459167480e+00, 7.167479395866394043e-01, 2.397906035184860229e-01, 9.117034263908863068e-03, 5.530903935432434082e-01, -2.038857042789459229e-01
-1.565160393714904785e+00, 7.167479395866394043e-01, 2.397899031639099121e-01, 9.117034263908863068e-03, 5.530903935432434082e-01, -2.038821429014205933e-01
-1.565159678459167480e+00, 7.167479395866394043e-01, 2.397899031639099121e-01, 9.117034263908863068e-03, 5.530903935432434082e-01, -2.038821429014205933e-01
-1.565160393714904785e+00, 7.167487144470214844e-01, 2.397906035184860229e-01, 9.117034263908863068e-03, 5.530903935432434082e-01, -2.038857042789459229e-01
-1.565160393714904785e+00, 7.167479395866394043e-01, 2.397909462451934814e-01, 9.119791910052299500e-03, 5.530903935432434082e-01, -2.038785964250564575e-01
-1.565158247947692871e+00, 7.167479395866394043e-01, 2.397906035184860229e-01, 9.119791910052299500e-03, 5.530884861946105957e-01, -2.038785964250564575e-01
-1.565158247947692871e+00, 7.167479395866394043e-01, 2.397906035184860229e-01, 9.119791910052299500e-03, 5.530903935432434082e-01, -2.038821429014205933e-01
-1.565161347389221191e+00, 7.167479395866394043e-01, 2.397909462451934814e-01, 9.121631272137165070e-03, 5.530903935432434082e-01, -2.038857042789459229e-01
-1.565161347389221191e+00, 7.167479395866394043e-01, 2.397906035184860229e-01, 9.121631272137165070e-03, 5.530903935432434082e-01, -2.038821429014205933e-01
-1.565159201622009277e+00, 7.167479395866394043e-01, 2.397906035184860229e-01, 9.121631272137165070e-03, 5.530903935432434082e-01, -2.038821429014205933e-01
-1.565161347389221191e+00, 7.167487144470214844e-01, 2.397906035184860229e-01, 9.121631272137165070e-03, 5.530903935432434082e-01, -2.038821429014205933e-01
-1.565159201622009277e+00, 7.167479395866394043e-01, 2.397906035184860229e-01, 9.123469702899456024e-03, 5.530931353569030762e-01, -2.038785964250564575e-01
-1.565161824226379395e+00, 7.167479395866394043e-01, 2.397906035184860229e-01, 9.123469702899456024e-03, 5.530931353569030762e-01, -2.038821429014205933e-01
-1.565161824226379395e+00, 7.167479395866394043e-01, 2.397906035184860229e-01, 9.123469702899456024e-03, 5.530903935432434082e-01, -2.038821429014205933e-01
-1.565161347389221191e+00, 7.167467474937438965e-01, 2.397906035184860229e-01, 9.123469702899456024e-03, 5.530903935432434082e-01, -2.038821429014205933e-01
-1.565161824226379395e+00, 7.167467474937438965e-01, 2.397906035184860229e-01, 9.123469702899456024e-03, 5.530903935432434082e-01, -2.038821429014205933e-01
-1.565160393714904785e+00, 7.167479395866394043e-01, 2.397906035184860229e-01, 9.126227349042892456e-03, 5.530903935432434082e-01, -2.038821429014205933e-01
-1.565162301063537598e+00, 7.167479395866394043e-01, 2.397909462451934814e-01, 9.126227349042892456e-03, 5.530903935432434082e-01, -2.038785964250564575e-01
-1.565162301063537598e+00, 7.167487144470214844e-01, 2.397909462451934814e-01, 9.126227349042892456e-03, 5.530903935432434082e-01, -2.038821429014205933e-01
-1.565163254737854004e+00, 7.167479395866394043e-01, 2.397909462451934814e-01, 9.126227349042892456e-03, 5.530884861946105957e-01, -2.038821429014205933e-01
-1.565162301063537598e+00, 7.167479395866394043e-01, 2.397909462451934814e-01, 9.128065779805183411e-03, 5.530903935432434082e-01, -2.038821429014205933e-01
-1.565163254737854004e+00, 7.167487144470214844e-01, 2.397909462451934814e-01, 9.128065779805183411e-03, 5.530903935432434082e-01, -2.038785964250564575e-01
-1.565163850784301758e+00, 7.167479395866394043e-01, 2.397916615009307861e-01, 9.128065779805183411e-03, 5.530903935432434082e-01, -2.038821429014205933e-01
-1.565163254737854004e+00, 7.167479395866394043e-01, 2.397909462451934814e-01, 9.129904210567474365e-03, 5.530903935432434082e-01, -2.038785964250564575e-01
-1.565165758132934570e+00, 7.167487144470214844e-01, 2.397909462451934814e-01, 9.128065779805183411e-03, 5.530884861946105957e-01, -2.038785964250564575e-01
-1.565164804458618164e+00, 7.167479395866394043e-01, 2.397909462451934814e-01, 9.129904210567474365e-03, 5.530903935432434082e-01, -2.038785964250564575e-01
-1.565166234970092773e+00, 7.167479395866394043e-01, 2.397916615009307861e-01, 9.132662788033485413e-03, 5.530903935432434082e-01, -2.038785964250564575e-01
-1.565163850784301758e+00, 7.167479395866394043e-01, 2.397916615009307861e-01, 9.132662788033485413e-03, 5.530931353569030762e-01, -2.038821429014205933e-01
-1.565167903900146484e+00, 7.167479395866394043e-01, 2.397916615009307861e-01, 9.132662788033485413e-03, 5.530884861946105957e-01, -2.038785964250564575e-01
-1.565166234970092773e+00, 7.167487144470214844e-01, 2.397916615009307861e-01, 9.132662788033485413e-03, 5.530903935432434082e-01, -2.038785964250564575e-01
-1.565168857574462891e+00, 7.167479395866394043e-01, 2.397920191287994385e-01, 9.134501218795776367e-03, 5.530903935432434082e-01, -2.038785964250564575e-01
-1.565166234970092773e+00, 7.167487144470214844e-01, 2.397916615009307861e-01, 9.134501218795776367e-03, 5.530903935432434082e-01, -2.038785964250564575e-01
-1.565169811248779297e+00, 7.167479395866394043e-01, 2.397927343845367432e-01, 9.134501218795776367e-03, 5.530903935432434082e-01, -2.038821429014205933e-01
-1.565168857574462891e+00, 7.167479395866394043e-01, 2.397927343845367432e-01, 9.136340580880641937e-03, 5.530931353569030762e-01, -2.038821429014205933e-01
-1.565168857574462891e+00, 7.167499065399169922e-01, 2.397927343845367432e-01, 9.136340580880641937e-03, 5.530903935432434082e-01, -2.038785964250564575e-01
-1.565171360969543457e+00, 7.167487144470214844e-01, 2.397930920124053955e-01, 9.136340580880641937e-03, 5.530903935432434082e-01, -2.038785964250564575e-01
-1.565170288085937500e+00, 7.167487144470214844e-01, 2.397930920124053955e-01, 9.139098227024078369e-03, 5.530903935432434082e-01, -2.038785964250564575e-01
-1.565170288085937500e+00, 7.167487144470214844e-01, 2.397930920124053955e-01, 9.139098227024078369e-03, 5.530903935432434082e-01, -2.038785964250564575e-01
-1.565170884132385254e+00, 7.167479395866394043e-01, 2.397930920124053955e-01, 9.140936657786369324e-03, 5.530903935432434082e-01, -2.038785964250564575e-01
-1.565169811248779297e+00, 7.167487144470214844e-01, 2.397930920124053955e-01, 9.140936657786369324e-03, 5.530903935432434082e-01, -2.038785964250564575e-01
-1.565170288085937500e+00, 7.167487144470214844e-01, 2.397938072681427002e-01, 9.140936657786369324e-03, 5.530903935432434082e-01, -2.038785964250564575e-01
-1.565171360969543457e+00, 7.167487144470214844e-01, 2.397938072681427002e-01, 9.140936657786369324e-03, 5.530903935432434082e-01, -2.038785964250564575e-01
-1.565170884132385254e+00, 7.167487144470214844e-01, 2.397938072681427002e-01, 9.142775088548660278e-03, 5.530903935432434082e-01, -2.038785964250564575e-01
-1.565172314643859863e+00, 7.167487144470214844e-01, 2.397938072681427002e-01, 9.142775088548660278e-03, 5.530903935432434082e-01, -2.038821429014205933e-01
-1.565172314643859863e+00, 7.167487144470214844e-01, 2.397941350936889648e-01, 9.142775088548660278e-03, 5.530903935432434082e-01, -2.038821429014205933e-01
-1.565172791481018066e+00, 7.167487144470214844e-01, 2.397938072681427002e-01, 9.142775088548660278e-03, 5.530903935432434082e-01, -2.038762420415878296e-01
-1.565171360969543457e+00, 7.167487144470214844e-01, 2.397938072681427002e-01, 9.142775088548660278e-03, 5.530903935432434082e-01, -2.038785964250564575e-01
-1.565172791481018066e+00, 7.167487144470214844e-01, 2.397941350936889648e-01, 9.142775088548660278e-03, 5.530903935432434082e-01, -2.038785964250564575e-01
-1.565173268318176270e+00, 7.167487144470214844e-01, 2.397948503494262695e-01, 9.142775088548660278e-03, 5.530903935432434082e-01, -2.038785964250564575e-01
