1.151001749861614055e-02, -1.860029659162703020e+00, 5.767866623526853864e-01, 4.312595044394226806e-01, 5.325306333703148098e-01, -4.624442471244032959e-01, 5.626470320320002827e-01
1.150409844341502598e-02, -1.860029338400577048e+00, 5.766246440578313148e-01, 4.312573413551111789e-01, 5.325297356671655491e-01, -4.624453442791361946e-01, 5.626486378834761881e-01
1.149616999514775986e-02, -1.860029552455116919e+00, 5.764660441604853025e-01, 4.312575681296036412e-01, 5.325272543317116636e-01, -4.624474550936991113e-01, 5.626490776694029750e-01
1.149184725049328358e-02, -1.860027519138727659e+00, 5.763019362215384689e-01, 4.312553460760542023e-01, 5.325260421667563637e-01, -4.624488607489345426e-01, 5.626507727596623543e-01
1.148829179508714313e-02, -1.860028436203343016e+00, 5.761419135501639754e-01, 4.312532312975657089e-01, 5.325253913161681618e-01, -4.624495743161505246e-01, 5.626524231830709599e-01
1.148088342513257573e-02, -1.860030273621766206e+00, 5.759850478270606144e-01, 4.312494286918997499e-01, 5.325199561199178699e-01, -4.624556083743705526e-01, 5.626555223847372611e-01
1.147825536506261700e-02, -1.860032924680700139e+00, 5.758387144963257320e-01, 4.312465240653536314e-01, 5.325186586523059651e-01, -4.624565547246564656e-01, 5.626581987858170208e-01
1.147274804208408758e-02, -1.860034697398695869e+00, 5.756892268528681633e-01, 4.312451060243528422e-01, 5.325137782562076039e-01, -4.624613544380828944e-01, 5.626599596102757062e-01
1.146660964584775115e-02, -1.860034526618915551e+00, 5.755390751842038854e-01, 4.312437722752490155e-01, 5.325126759810309141e-01, -4.624626491050514154e-01, 5.626609609490186292e-01
1.146385921604039550e-02, -1.860033907159264865e+00, 5.753894264887610133e-01, 4.312450943151164839e-01, 5.325105831195203754e-01, -4.624641944653890002e-01, 5.626606582411227686e-01
1.145877443947348681e-02, -1.860033695336859694e+00, 5.752433722951183492e-01, 4.312423196688389138e-01, 5.325091024432516695e-01, -4.624658255832407305e-01, 5.626628455028225284e-01
1.145492779042831498e-02, -1.860033551515993588e+00, 5.751092637071794078e-01, 4.312442813539365538e-01, 5.325082939441374563e-01, -4.624659059056230870e-01, 5.626620411535884214e-01
1.145052192748029218e-02, -1.860033789116769309e+00, 5.749804322222445974e-01, 4.312451513350280541e-01, 5.325060171478328552e-01, -4.624676656706450117e-01, 5.626620827464077212e-01
1.144624805810978523e-02, -1.860032454060204676e+00, 5.748574426075993005e-01, 4.312442012856620432e-01, 5.325051442768217180e-01, -4.624685414436905950e-01, 5.626629171636942095e-01
1.144342920335718154e-02, -1.860030847712708324e+00, 5.747363344883862357e-01, 4.312459584016248293e-01, 5.325072465878845085e-01, -4.624659867511413669e-01, 5.626616805789665943e-01
1.143891767629898019e-02, -1.860029699750066046e+00, 5.746210922521720610e-01, 4.312492756080476553e-01, 5.325082975571094890e-01, -4.624643839777418663e-01, 5.626594608397258446e-01
1.143633605433146301e-02, -1.860027287724383083e+00, 5.745085122568949210e-01, 4.312523226275664090e-01, 5.325064415160120079e-01, -4.624650118128348919e-01, 5.626583659924003777e-01
1.143117174284454321e-02, -1.860024290341850906e+00, 5.744063644276454772e-01, 4.312548607857895622e-01, 5.325098042091637174e-01, -4.624614321238466053e-01, 5.626561803336990186e-01
1.142771490152564261e-02, -1.860022458748940011e+00, 5.743113746049444135e-01, 4.312565922928660589e-01, 5.325096892520531089e-01, -4.624614136842268297e-01, 5.626549771483523310e-01
1.142560138716237732e-02, -1.860020842636511018e+00, 5.742219618376521728e-01, 4.312609139723828644e-01, 5.325100277838783480e-01, -4.624599769008667094e-01, 5.626525252357514884e-01
1.142225133681075769e-02, -1.860017981405651666e+00, 5.741347286112370440e-01, 4.312626181048470619e-01, 5.325111173953199772e-01, -4.624584894298917059e-01, 5.626514104043136566e-01
1.141967112515540790e-02, -1.860016798768643120e+00, 5.740535576973048171e-01, 4.312657606212680905e-01, 5.325117950883304641e-01, -4.624574657555123314e-01, 5.626492017008039026e-01
1.141633298765847883e-02, -1.860013494420218017e+00, 5.739743244451044335e-01, 4.312681239823155099e-01, 5.325141403026671938e-01, -4.624542359514231538e-01, 5.626478252557904902e-01
1.141334501428952625e-02, -1.860012108495437966e+00, 5.738976727720759285e-01, 4.312709609542073053e-01, 5.325149874924792748e-01, -4.624534955250889645e-01, 5.626454574686849952e-01
1.140991948956592526e-02, -1.860009202373303694e+00, 5.738259324917229787e-01, 4.312753339435363986e-01, 5.325168161176441206e-01, -4.624505648009378800e-01, 5.626427836550575989e-01
1.140785277816963074e-02, -1.860007068560113552e+00, 5.737583331947990750e-01, 4.312779497351868496e-01, 5.325180685320688445e-01, -4.624485805561066587e-01, 5.626412241390871261e-01
1.140471862231445463e-02, -1.860003883934373325e+00, 5.736921254654401281e-01, 4.312814305014085470e-01, 5.325190109513782133e-01, -4.624472010382149056e-01, 5.626387979262944539e-01
1.140177498717439251e-02, -1.860001746075173656e+00, 5.736292662020507915e-01, 4.312828956318681684e-01, 5.325209102095990188e-01, -4.624452098396167332e-01, 5.626375138766736006e-01
1.139994188369364975e-02, -1.860000446290543952e+00, 5.735722144016959234e-01, 4.312845806755855604e-01, 5.325205663570297121e-01, -4.624452700426837648e-01, 5.626364981881478711e-01
1.139771183093805408e-02, -1.859999048368534469e+00, 5.735190536183137899e-01, 4.312871509541224002e-01, 5.325225965956831287e-01, -4.624423756110550010e-01, 5.626349853822381064e-01
1.139455279152635538e-02, -1.859996756407196195e+00, 5.734691953037140966e-01, 4.312882104238723313e-01, 5.325235105955720138e-01, -4.624414478062812695e-01, 5.626340707450729894e-01
1.139381119574411384e-02, -1.859996433146557049e+00, 5.734228366473719252e-01, 4.312903815570616195e-01, 5.325235629194873255e-01, -4.624410299216318854e-01, 5.626327003977990016e-01
1.139021859757689652e-02, -1.859994623306946426e+00, 5.733810223961955943e-01, 4.312901689890349388e-01, 5.325238361665698417e-01, -4.624407975296358497e-01, 5.626327957273771219e-01
1.138659663002392596e-02, -1.859992635382939019e+00, 5.733403788737507778e-01, 4.312939811925783906e-01, 5.325230407710150882e-01, -4.624405925921786786e-01, 5.626307947118095454e-01
1.138655648032795530e-02, -1.859992433448312665e+00, 5.733017656494288072e-01, 4.312934191577287302e-01, 5.325236345367816426e-01, -4.624400582480512889e-01, 5.626311027471826431e-01
1.138592285320869785e-02, -1.859991585306861595e+00, 5.732675721765984056e-01, 4.312946749084663467e-01, 5.325228389246131622e-01, -4.624410773554123999e-01, 5.626300555370612466e-01
1.138341918672428933e-02, -1.859990790342008538e+00, 5.732362001706021726e-01, 4.312944469831730410e-01, 5.325231720345466879e-01, -4.624402583425009094e-01, 5.626305881409796594e-01
1.138205584747533847e-02, -1.859989817912539589e+00, 5.732051044105570536e-01, 4.312958333982223058e-01, 5.325236148340045661e-01, -4.624398802310731860e-01, 5.626294170316090693e-01
1.138113514149034777e-02, -1.859988943407663076e+00, 5.731783674349926194e-01, 4.312957859173410791e-01, 5.325233776262856544e-01, -4.624396370455710059e-01, 5.626298778243083998e-01
1.138130306544333538e-02, -1.859989330870437163e+00, 5.731526424435986478e-01, 4.312953605487854780e-01, 5.325226982558272093e-01, -4.624398064441296308e-01, 5.626307076825278752e-01
1.138127674840692591e-02, -1.859989010271702714e+00, 5.731294845507755031e-01, 4.312947884904428930e-01, 5.325230595360428421e-01, -4.624401834743762651e-01, 5.626304943668994918e-01
1.137799026105665301e-02, -1.859989084792857739e+00, 5.731070994316169731e-01, 4.312961387777136113e-01, 5.325213179666373753e-01, -4.624415549693184913e-01, 5.626299803814842626e-01
1.137796842332693126e-02, -1.859989036383921768e+00, 5.730887832964496331e-01, 4.312946299181361076e-01, 5.325215195429482407e-01, -4.624413825176736381e-01, 5.626310879809168775e-01
1.137706160555757712e-02, -1.859989106976586370e+00, 5.730700333088618592e-01, 4.312943200275856648e-01, 5.325196342832592133e-01, -4.624436137228110089e-01, 5.626312760074344554e-01
1.137763961278318199e-02, -1.859990335388185034e+00, 5.730545396351626186e-01, 4.312945251523673251e-01, 5.325203073975671719e-01, -4.624423614311442554e-01, 5.626315109703522443e-01
1.137721659818344624e-02, -1.859989259164106956e+00, 5.730388231280370004e-01, 4.312932929015184658e-01, 5.325193644861601072e-01, -4.624440971394901956e-01, 5.626319213893423710e-01
1.137501030728013847e-02, -1.859990007510359256e+00, 5.730237547494351213e-01, 4.312929081800735975e-01, 5.325187857486685106e-01, -4.624442162632566578e-01, 5.626326661535043794e-01
1.137322048544476064e-02, -1.859989740247949719e+00, 5.730079881034439993e-01, 4.312925363846599747e-01, 5.325185547269741804e-01, -4.624451297046073273e-01, 5.626324190293962024e-01
1.137073781867902443e-02, -1.859990924909709964e+00, 5.729961345045367915e-01, 4.312923156070448405e-01, 5.325185416570339392e-01, -4.624446453829129666e-01, 5.626329987180370695e-01
1.136938900824223907e-02, -1.859989441212498207e+00, 5.729824930204874267e-01, 4.312921613113465114e-01, 5.325177350078007521e-01, -4.624455834699287560e-01, 5.626331094262994048e-01
1.137248261258898968e-02, -1.859990127385912961e+00, 5.729692387631800665e-01, 4.312916586783739348e-01, 5.325180183754834040e-01, -4.624453187619609884e-01, 5.626334440957571070e-01
1.136847354135924262e-02, -1.859990035282997667e+00, 5.729566741684597453e-01, 4.312920913737339212e-01, 5.325172423814878986e-01, -4.624463313213408866e-01, 5.626330146128283305e-01
1.136668656414680997e-02, -1.859990276821724908e+00, 5.729472059643365700e-01, 4.312909119377985045e-01, 5.325160527131859167e-01, -4.624471338155113354e-01, 5.626343851103025040e-01
1.136844933646174657e-02, -1.859990094305805641e+00, 5.729363619407779051e-01, 4.312900342952513122e-01, 5.325162616182692599e-01, -4.624469839561108908e-01, 5.626349833236469200e-01
1.136597168742983950e-02, -1.859990376401039258e+00, 5.729273664267036104e-01, 4.312902092032047108e-01, 5.325162067390578624e-01, -4.624470909591997803e-01, 5.626348132395244672e-01
1.136488054559449401e-02, -1.859990209644335035e+00, 5.729165213873111950e-01, 4.312902872646089403e-01, 5.325156556213129777e-01, -4.624478005840392814e-01, 5.626346917533605607e-01
1.136595266242339947e-02, -1.859990071169059567e+00, 5.729086849845654861e-01, 4.312901725411743548e-01, 5.325167086014026552e-01, -4.624465155765358215e-01, 5.626348392704220158e-01
1.136505565307889716e-02, -1.859990092622709978e+00, 5.729038667758570291e-01, 4.312899695212148443e-01, 5.325156113136022551e-01, -4.624478728939024896e-01, 5.626349178229120840e-01
1.136593727051763564e-02, -1.859990431859757543e+00, 5.728948692800421849e-01, 4.312877538987465176e-01, 5.325155643248644655e-01, -4.624484284462497818e-01, 5.626362040575945134e-01
1.136503848885253402e-02, -1.859990384857957313e+00, 5.728882261388807962e-01, 4.312881079721560540e-01, 5.325158609640104901e-01, -4.624480984452685739e-01, 5.626359231225033231e-01
1.136415037618475343e-02, -1.859991980193387295e+00, 5.728857684739797618e-01, 4.312889477778718006e-01, 5.325151947443338418e-01, -4.624483676926720577e-01, 5.626356886204816332e-01
1.136414199098582066e-02, -1.859990994433404987e+00, 5.728804338333771673e-01, 4.312870969673563426e-01, 5.325148235554713061e-01, -4.624493355715474929e-01, 5.626366631429112752e-01
1.136502456746550822e-02, -1.859991521618494348e+00, 5.728774621571471881e-01, 4.312888929928364035e-01, 5.325136500129146189e-01, -4.624502893703859585e-01, 5.626356131566710994e-01
1.136974240927728086e-02, -1.859991596455587315e+00, 5.728714613926314536e-01, 4.312877075530349158e-01, 5.325137641351008755e-01, -4.624500890359783956e-01, 5.626365785042151124e-01
1.136412751850919382e-02, -1.859991767918567129e+00, 5.728683731148461744e-01, 4.312881395232246451e-01, 5.325130327348365222e-01, -4.624510231124293047e-01, 5.626361718698948966e-01
1.136241659468959636e-02, -1.859991363005790710e+00, 5.728650574155925712e-01, 4.312866303811520585e-01, 5.325126694417430251e-01, -4.624513836488661211e-01, 5.626373762022477409e-01
1.136412182649134892e-02, -1.859992041679164210e+00, 5.728635648585169715e-01, 4.312864173824025871e-01, 5.325116125037077097e-01, -4.624526790273905674e-01, 5.626374751032340304e-01
1.136212315890000775e-02, -1.859992027203649867e+00, 5.728605589839949053e-01, 4.312865578527156352e-01, 5.325110875124480225e-01, -4.624524235143388506e-01, 5.626380743227217263e-01
1.136211887355083154e-02, -1.859992535971038086e+00, 5.728575858556086420e-01, 4.312865872622051455e-01, 5.325117582935344762e-01, -4.624525285144177045e-01, 5.626373306113540140e-01
1.136499825589762196e-02, -1.859992479783385555e+00, 5.728545792534081027e-01, 4.312849327368625252e-01, 5.325124302168176005e-01, -4.624522169801124072e-01, 5.626382189906031783e-01
1.136151648655260755e-02, -1.859992901635995732e+00, 5.728533306103053002e-01, 4.312858130835803827e-01, 5.325120038054242944e-01, -4.624521884149153106e-01, 5.626379712268114730e-01
1.136122453556004386e-02, -1.859993035364210234e+00, 5.728516075818662623e-01, 4.312850807540138942e-01, 5.325109839661065214e-01, -4.624534031413167212e-01, 5.626384993914542720e-01
1.136122241280755098e-02, -1.859993434092479525e+00, 5.728504484796972385e-01, 4.312852775157161034e-01, 5.325115653524900017e-01, -4.624527896449234232e-01, 5.626383025653874936e-01
1.136033118981921372e-02, -1.859993182336336925e+00, 5.728483245644034882e-01, 4.312834535086639831e-01, 5.325123779334651752e-01, -4.624518061150418302e-01, 5.626397400630550605e-01
1.136150565296636071e-02, -1.859992770006803964e+00, 5.728452969276270901e-01, 4.312830919707079103e-01, 5.325122892008116171e-01, -4.624519017966193246e-01, 5.626400225321578352e-01
1.136150654660443918e-02, -1.859993708337927210e+00, 5.728456417514440346e-01, 4.312848587430297420e-01, 5.325112229426612886e-01, -4.624531989556328604e-01, 5.626386112193314526e-01
1.136438551538271162e-02, -1.859993064689835052e+00, 5.728434952762703203e-01, 4.312841391372977951e-01, 5.325115125717749809e-01, -4.624528043812287659e-01, 5.626392130193711427e-01
1.136061435592346409e-02, -1.859993283712522594e+00, 5.728422327378637213e-01, 4.312848390615234284e-01, 5.325110004855366785e-01, -4.624534770391026117e-01, 5.626386082842278480e-01
1.136497944658543258e-02, -1.859993007776662211e+00, 5.728403953567003937e-01, 4.312853356068882538e-01, 5.325114132885038210e-01, -4.624530070501500778e-01, 5.626382232644773218e-01
1.136498156743406644e-02, -1.859993386871509724e+00, 5.728407059747600005e-01, 4.312829058690627604e-01, 5.325122045404213633e-01, -4.624526213234744221e-01, 5.626396539097512361e-01
1.136497953610860097e-02, -1.859994314967247098e+00, 5.728407627425048387e-01, 4.312827590420248436e-01, 5.325122265324049309e-01, -4.624519755395871679e-01, 5.626402764343593210e-01
1.136032111555553177e-02, -1.859993964317620430e+00, 5.728404521240995084e-01, 4.312826519474074471e-01, 5.325124101920761799e-01, -4.624523530359282431e-01, 5.626398744242809835e-01
1.136149695569848260e-02, -1.859993798924685970e+00, 5.728392603423411167e-01, 4.312839214273386790e-01, 5.325101548061734746e-01, -4.624536773926431477e-01, 5.626399474020518099e-01
1.136438023506372054e-02, -1.859993412456750095e+00, 5.728392377807126623e-01, 4.312830554007425765e-01, 5.325111728495416363e-01, -4.624532896355008638e-01, 5.626399664260522959e-01
1.136526514158539558e-02, -1.859994323234558822e+00, 5.728392938221427144e-01, 4.312818496952135483e-01, 5.325112678359502638e-01, -4.624531033330380736e-01, 5.626409538674432831e-01
1.136031975754484523e-02, -1.859994483281754762e+00, 5.728377670575922620e-01, 4.312830513161834967e-01, 5.325103204154219005e-01, -4.624534277621558664e-01, 5.626406628119757780e-01
1.136120575102398701e-02, -1.859993551430627390e+00, 5.728374229605728285e-01, 4.312835908974663734e-01, 5.325098834051061880e-01, -4.624539978738648749e-01, 5.626401942173580029e-01
1.136437684571969635e-02, -1.859994081701691337e+00, 5.728374579649000431e-01, 4.312801861253431346e-01, 5.325117519608832950e-01, -4.624525323771747076e-01, 5.626422401288210251e-01
1.136031763764200515e-02, -1.859994104186324382e+00, 5.728374564397286095e-01, 4.312827701587730878e-01, 5.325105223495126827e-01, -4.624540758767587967e-01, 5.626401545003671956e-01
1.135854592857231393e-02, -1.859994494114954211e+00, 5.728377670575922620e-01, 4.312822856822469131e-01, 5.325117759822607377e-01, -4.624526379034095136e-01, 5.626405212860990934e-01
1.136031802558892453e-02, -1.859994703519141979e+00, 5.728365970408300090e-01, 4.312835139326374745e-01, 5.325099079595163598e-01, -4.624547518566019533e-01, 5.626396102480809569e-01
1.136031763764200515e-02, -1.859994104186324382e+00, 5.728374564397286095e-01, 4.312811691013260229e-01, 5.325123584280562206e-01, -4.624518509850021886e-01, 5.626414727164431584e-01
1.136101262467768998e-02, -1.859994316983927476e+00, 5.728365727340691826e-01, 4.312823892774565460e-01, 5.325108308268522439e-01, -4.624536734450419018e-01, 5.626404852731542450e-01
1.136031802558892453e-02, -1.859994703519141979e+00, 5.728365970408300090e-01, 4.312821908557085693e-01, 5.325116157785005910e-01, -4.624533108616613597e-01, 5.626401924718482661e-01
1.136100967104216111e-02, -1.859994318645413980e+00, 5.728362854069406485e-01, 4.312806542476158578e-01, 5.325119970793559254e-01, -4.624528740497004242e-01, 5.626413684768267753e-01
1.136408824612485623e-02, -1.859994299735831635e+00, 5.728365737502504329e-01, 4.312820023813516146e-01, 5.325103031610728399e-01, -4.624542992673464914e-01, 5.626407668649524574e-01
1.136497432714399063e-02, -1.859994675073949555e+00, 5.728365970408300090e-01, 4.312811966081981918e-01, 5.325112896872413737e-01, -4.624531654056034391e-01, 5.626413827778482535e-01
1.136408693372372748e-02, -1.859994065128368401e+00, 5.728348296858976063e-01, 4.312806343814786780e-01, 5.325119162438597398e-01, -4.624523624113049958e-01, 5.626418807429861557e-01
1.136120282009142959e-02, -1.859994319006247565e+00, 5.728362864231182350e-01, 4.312820399908267599e-01, 5.325104611943541899e-01, -4.624533202861761394e-01, 5.626413931237358446e-01
1.136497220629082913e-02, -1.859994295978292023e+00, 5.728362864231182350e-01, 4.312825156192849341e-01, 5.325107298405271639e-01, -4.624538134810642909e-01, 5.626403689059570334e-01
1.136031802558892453e-02, -1.859994703519141979e+00, 5.728365970408300090e-01, 4.312805300647888918e-01, 5.325118295204370744e-01, -4.624524611484062131e-01, 5.626419616288971248e-01
1.136101131264013152e-02, -1.859994082376460911e+00, 5.728348286697180214e-01, 4.312797446941912805e-01, 5.325111800613800961e-01, -4.624532123049058252e-01, 5.626425609168074216e-01
1.136408610016658056e-02, -1.859994445885543746e+00, 5.728348529760459718e-01, 4.312809796292096376e-01, 5.325111093027349307e-01, -4.624533707789329484e-01, 5.626415510202233961e-01
1.136389295111675003e-02, -1.859994445525008810e+00, 5.728348519598693844e-01, 4.312807613422008912e-01, 5.325118134185286012e-01, -4.624524965555697475e-01, 5.626417704857349378e-01
1.136120282009142959e-02, -1.859994319006247565e+00, 5.728362864231182350e-01, 4.312806343814786780e-01, 5.325119162438597398e-01, -4.624523624113049958e-01, 5.626418807429861557e-01
1.136120494017633063e-02, -1.859994698101909094e+00, 5.728365970408300090e-01, 4.312804229700595848e-01, 5.325120131813805280e-01, -4.624528386428309878e-01, 5.626415596198590663e-01
1.136031802558892453e-02, -1.859994703519141979e+00, 5.728365970408300090e-01, 4.312804031040628483e-01, 5.325119323457132570e-01, -4.624523270040960532e-01, 5.626420718861397940e-01
1.136478201087299210e-02, -1.859994293956357625e+00, 5.728365727340691826e-01, 4.312809515041237107e-01, 5.325121798829509645e-01, -4.624520622504190714e-01, 5.626416348496969810e-01
1.136209268872695813e-02, -1.859994311927104960e+00, 5.728365737502504329e-01, 4.312823886588210143e-01, 5.325108326662765235e-01, -4.624536793371337717e-01, 5.626404791635222224e-01
1.136101179112706562e-02, -1.859994697741075953e+00, 5.728365960246518673e-01, 4.312796294648460482e-01, 5.325126558386994446e-01, -4.624520002410601460e-01, 5.626422487276636630e-01
1.136190269180942757e-02, -1.859995405023041393e+00, 5.728371799863309910e-01, 4.312808108630241666e-01, 5.325124773555062196e-01, -4.624516814337330528e-01, 5.626417741166637176e-01
1.136478117809399356e-02, -1.859994674713507878e+00, 5.728365960246518673e-01, 4.312820023813516146e-01, 5.325103031610728399e-01, -4.624542992673464914e-01, 5.626407668649524574e-01
1.136101577688493347e-02, -1.859995410440607344e+00, 5.728371799863309910e-01, 4.312816166372981930e-01, 5.325114908318210327e-01, -4.624528152974820006e-01, 5.626411582049637428e-01
1.136012577416673289e-02, -1.859994863677959520e+00, 5.728377893322875725e-01, 4.312812812918426775e-01, 5.325117744822063237e-01, -4.624525713166738883e-01, 5.626413473320948100e-01
1.136586474983296464e-02, -1.859994766990082704e+00, 5.728354136465041435e-01, 4.312806131322228786e-01, 5.325123796454237501e-01, -4.624524043372354454e-01, 5.626414239845587417e-01
1.136120577432369119e-02, -1.859994317344761505e+00, 5.728365737502504329e-01, 4.312800800279728564e-01, 5.325118721307811054e-01, -4.624523784853938335e-01, 5.626423342088987534e-01
1.136190352517858597e-02, -1.859995024265908681e+00, 5.728371566954817418e-01, 4.312793433315381120e-01, 5.325122095887165896e-01, -4.624525253845596096e-01, 5.626424587781332365e-01
1.136566809266766412e-02, -1.859994669294146696e+00, 5.728365960246518673e-01, 4.312802803496354476e-01, 5.325120397334400790e-01, -4.624522702487817161e-01, 5.626421109926085240e-01
1.136408914407715902e-02, -1.859994460255588899e+00, 5.728377670575922620e-01, 4.312817435979188763e-01, 5.325113880062555261e-01, -4.624529494415741682e-01, 5.626410479476047222e-01
1.136389908334073905e-02, -1.859995012074837861e+00, 5.728371566954817418e-01, 4.312807615749060242e-01, 5.325122923256794261e-01, -4.624525128430208576e-01, 5.626413036585519167e-01
1.136655583965463269e-02, -1.859994283117211156e+00, 5.728365727340691826e-01, 4.312795972530977240e-01, 5.325120039386396220e-01, -4.624527936733381361e-01, 5.626422382635213326e-01
1.136209667482475545e-02, -1.859995024626649895e+00, 5.728371577116639912e-01, 4.312800950302416170e-01, 5.325128321583306734e-01, -4.624518085859227190e-01, 5.626418825087839970e-01
1.136190269180942757e-02, -1.859995405023041393e+00, 5.728371799863309910e-01, 4.312805241113977228e-01, 5.325120329449105627e-01, -4.624522124690795821e-01, 5.626419780584539510e-01
1.136566982337049517e-02, -1.859994449056753485e+00, 5.728377660414099015e-01, 4.312804609100341358e-01, 5.325115636550932230e-01, -4.624527809184330596e-01, 5.626420034370378520e-01
1.136209667482475545e-02, -1.859995024626649895e+00, 5.728371577116639912e-01, 4.312792163707213633e-01, 5.325123124137095543e-01, -4.624523912401308778e-01, 5.626425690353913378e-01
1.136170555666066173e-02, -1.859994691963061220e+00, 5.728365950086783398e-01, 4.312807529805618434e-01, 5.325119311151127466e-01, -4.624528280537641978e-01, 5.626413930325855350e-01
1.136833365698758889e-02, -1.859994984975904320e+00, 5.728371566954817418e-01, 4.312806743347876171e-01, 5.325117387314446393e-01, -4.624525736026575684e-01, 5.626418445395107160e-01
1.136478410601524970e-02, -1.859993907137660329e+00, 5.728377325620457317e-01, 4.312807529805618434e-01, 5.325119311151127466e-01, -4.624528280537641978e-01, 5.626413930325855350e-01
1.136389599443060269e-02, -1.859994459895054852e+00, 5.728377660414099015e-01, 4.312800276566428059e-01, 5.325123594000124028e-01, -4.624523809851738276e-01, 5.626419111227505265e-01
1.136655982753660178e-02, -1.859994995816746766e+00, 5.728371566954817418e-01, 4.312800276566428059e-01, 5.325123594000124028e-01, -4.624523809851738276e-01, 5.626419111227505265e-01
1.136833455532007021e-02, -1.859995145495208391e+00, 5.728383500033749076e-01, 4.312794971687544110e-01, 5.325129602489730996e-01, -4.624516115262777283e-01, 5.626423815226601066e-01
1.136389998129051608e-02, -1.859995172594143709e+00, 5.728383500033749076e-01, 4.312805617581008666e-01, 5.325128034234096752e-01, -4.624518754503412765e-01, 5.626414969873979599e-01
1.136833455532007021e-02, -1.859995145495208391e+00, 5.728383500033749076e-01, 4.312798979180170744e-01, 5.325127326099055036e-01, -4.624525255987201877e-01, 5.626415384838922007e-01
1.136479021406520788e-02, -1.859994998931875365e+00, 5.728386271416932018e-01, 4.312814751290768300e-01, 5.325121113420555607e-01, -4.624526455315953188e-01, 5.626408189292192441e-01
1.136389908334073905e-02, -1.859995012074837861e+00, 5.728371566954817418e-01, 4.312800395310207313e-01, 5.325122528576939906e-01, -4.624519028809834786e-01, 5.626423958255384328e-01
1.136478901695159825e-02, -1.859995546270295064e+00, 5.728386606216446797e-01, 4.312801319733647332e-01, 5.325124461233702311e-01, -4.624522822479348316e-01, 5.626418302369796676e-01
1.136834066544875274e-02, -1.859996237288749743e+00, 5.728392445843744074e-01, 4.312794828696675520e-01, 5.325131567353696971e-01, -4.624513707457562073e-01, 5.626424044228932608e-01
1.136478931604009181e-02, -1.859994838412784679e+00, 5.728374338339304872e-01, 4.312802658276932988e-01, 5.325135958895912403e-01, -4.624508763522227617e-01, 5.626417949827335896e-01
1.137055914915811525e-02, -1.859995676396910325e+00, 5.728392111040395696e-01, 4.312809184677249830e-01, 5.325130152207897538e-01, -4.624521133983273691e-01, 5.626408275263349301e-01
1.136567712879347700e-02, -1.859994993512509742e+00, 5.728386271416932018e-01, 4.312802193182057597e-01, 5.325131404759351206e-01, -4.624514290040614428e-01, 5.626418074204927455e-01
1.136548676982844161e-02, -1.859996253189330595e+00, 5.728392435683941075e-01, 4.312796676373454874e-01, 5.325126852200783301e-01, -4.624519588047654728e-01, 5.626422257171586061e-01
1.137055914915811525e-02, -1.859995676396910325e+00, 5.728392111040395696e-01, 4.312798265614422033e-01, 5.325135554937402427e-01, -4.624515046757072256e-01, 5.626416534880100961e-01
1.136903643135799696e-02, -1.859995315311061992e+00, 5.728391875260638866e-01, 4.312799653961041924e-01, 5.325133461263087398e-01, -4.624511607154884185e-01, 5.626420279344539477e-01
1.136656883778966280e-02, -1.859995331932664531e+00, 5.728391885420517360e-01, 4.312804834051423564e-01, 5.325137744925145800e-01, -4.624506652718415878e-01, 5.626416326572297733e-01
1.137233297925814915e-02, -1.859995665552254041e+00, 5.728392111040395696e-01, 4.312799653961041924e-01, 5.325133461263087398e-01, -4.624511607154884185e-01, 5.626420279344539477e-01
1.136814951647628115e-02, -1.859995320732029445e+00, 5.728391875260638866e-01, 4.312801823744866203e-01, 5.325135265109169902e-01, -4.624509553420321217e-01, 5.626418596915609971e-01
1.136657078930269037e-02, -1.859995680699864096e+00, 5.728394743109148646e-01, 4.312804785573758903e-01, 5.325128578757539755e-01, -4.624522754659826096e-01, 5.626411804415429874e-01
1.137056110141947303e-02, -1.859996025164098565e+00, 5.728394968730290415e-01, 4.312787707347258137e-01, 5.325152463759741384e-01, -4.624502745689038630e-01, 5.626418735233139623e-01
1.137214577142614189e-02, -1.859996726657931365e+00, 5.728400798201325195e-01, 4.312782013822302751e-01, 5.325143923299547888e-01, -4.624503726240437596e-01, 5.626430376658458909e-01
1.137037074575447324e-02, -1.859997284840775533e+00, 5.728401133010427859e-01, 4.312769705480429816e-01, 5.325142763884921360e-01, -4.624513554473285160e-01, 5.626432830508790728e-01
1.137322796004969563e-02, -1.859997100688771887e+00, 5.728403914549871079e-01, 4.312791229197799892e-01, 5.325143226743409564e-01, -4.624505124967474012e-01, 5.626422822466587981e-01
1.136904156697338478e-02, -1.859996745634656889e+00, 5.728400798201325195e-01, 4.312783509883162947e-01, 5.325140999568965805e-01, -4.624507396502967049e-01, 5.626428980381680267e-01
1.136904237226221172e-02, -1.859996376776141158e+00, 5.728400572577568850e-01, 4.312789733135560799e-01, 5.325146150476248730e-01, -4.624501454706700376e-01, 5.626424218741784555e-01
1.137391960252778431e-02, -1.859996715811762069e+00, 5.728400798201325195e-01, 4.312791229197799892e-01, 5.325143226743409564e-01, -4.624505124967474012e-01, 5.626422822466587981e-01
1.137214869848232786e-02, -1.859996736893861691e+00, 5.728403678764871776e-01, 4.312778902141682358e-01, 5.325139252661671430e-01, -4.624509214646289612e-01, 5.626432671298489119e-01
1.137274588740751734e-02, -1.859996730932617526e+00, 5.728403663528860434e-01, 4.312780570521845269e-01, 5.325153650892083812e-01, -4.624492503094383422e-01, 5.626431500848814160e-01
1.137769591287332051e-02, -1.859997415691194256e+00, 5.728409518400821021e-01, 4.312772062978972309e-01, 5.325153350307254563e-01, -4.624492290358753199e-01, 5.626438481394067104e-01
1.137363817650748413e-02, -1.859997685154569425e+00, 5.728427861777912744e-01, 4.312780127008225550e-01, 5.325143142138548669e-01, -4.624512355604665781e-01, 5.626425469574576343e-01
1.137452110142280967e-02, -1.859996967034436954e+00, 5.728422022133479174e-01, 4.312757516481032782e-01, 5.325158654130669467e-01, -4.624494039558701974e-01, 5.626443174018521676e-01
1.138095523350570251e-02, -1.859997640397347718e+00, 5.728427861777912744e-01, 4.312764712222710850e-01, 5.325155746983771810e-01, -4.624497172026069136e-01, 5.626437835193343062e-01
1.138095523350570251e-02, -1.859997640397347718e+00, 5.728427861777912744e-01, 4.312751897311478122e-01, 5.325167094842809812e-01, -4.624488538622301137e-01, 5.626444013796867427e-01
1.137652596582768884e-02, -1.859999128174474547e+00, 5.728437033261981615e-01, 4.312754279970413274e-01, 5.325164275623532895e-01, -4.624486878946780233e-01, 5.626446219832627049e-01
1.138612633905060172e-02, -1.859997430936160878e+00, 5.728430641133374079e-01, 4.312751049202817599e-01, 5.325163673459379909e-01, -4.624487393757371612e-01, 5.626448843049032256e-01
1.138095523350570251e-02, -1.859997640397347718e+00, 5.728427861777912744e-01, 4.312755323134964680e-01, 5.325165142859585865e-01, -4.624485891573996144e-01, 5.626445410974616479e-01
1.138096135129173896e-02, -1.859998732186989523e+00, 5.728436807625867377e-01, 4.312753166930128890e-01, 5.325166066602480264e-01, -4.624489880070957737e-01, 5.626442911232720778e-01
1.138584029191014833e-02, -1.859998862847073831e+00, 5.728448740734428668e-01, 4.312754498566486183e-01, 5.325160800150298135e-01, -4.624490308870182753e-01, 5.626446522522268179e-01
1.138583939205603870e-02, -1.859998702332833709e+00, 5.728436807625867377e-01, 4.312740113762321137e-01, 5.325163971180391087e-01, -4.624485537744975061e-01, 5.626458468910546795e-01
1.138564909602282973e-02, -1.859999211255592755e+00, 5.728451588286189722e-01, 4.312735540927357669e-01, 5.325171097066434545e-01, -4.624477276718236829e-01, 5.626462019609390630e-01
1.138299152556103248e-02, -1.859999794885989877e+00, 5.728445619082570550e-01, 4.312746826968572589e-01, 5.325158589813056009e-01, -4.624492483830917600e-01, 5.626452707239623097e-01
1.138565521666121995e-02, -1.860000303043259695e+00, 5.728460534158047457e-01, 4.312737820897761809e-01, 5.325166852930997008e-01, -4.624487874771794904e-01, 5.626455578135463043e-01
1.138584134726234286e-02, -1.859999051098762068e+00, 5.728439665329769781e-01, 4.312736819460954441e-01, 5.325166020380440735e-01, -4.624488822647214725e-01, 5.626456354639420843e-01
1.138476739962871777e-02, -1.860000147958825512e+00, 5.728448601038336196e-01, 4.312724066899801256e-01, 5.325173140947996320e-01, -4.624480089930300131e-01, 5.626466567886770909e-01
1.138565660103415568e-02, -1.860000549985033169e+00, 5.728478892806192491e-01, 4.312733815149711325e-01, 5.325163522727754950e-01, -4.624491666272591561e-01, 5.626458684150209555e-01
1.138943073783314427e-02, -1.860001371752445953e+00, 5.728469480041620265e-01, 4.312731275913379014e-01, 5.325165579198885002e-01, -4.624488983367495143e-01, 5.626460889279034649e-01
1.139032360886772788e-02, -1.860002427779694711e+00, 5.728478177439656482e-01, 4.312729688890174495e-01, 5.325166864492727470e-01, -4.624487306551276489e-01, 5.626462267483900437e-01
1.139012848889890683e-02, -1.860002093822000102e+00, 5.728475433812530992e-01, 4.312745758850258238e-01, 5.325149472664890693e-01, -4.624502287707920045e-01, 5.626454096878437117e-01
1.138813479380731616e-02, -1.860002439642316485e+00, 5.728478167281672029e-01, 4.312715672343948037e-01, 5.325170967973031910e-01, -4.624487435884949149e-01, 5.626469021217330724e-01
1.139032973222329527e-02, -1.860003519564493946e+00, 5.728487123346329701e-01, 4.312713603838567167e-01, 5.325167164564815758e-01, -4.624491936920391844e-01, 5.626470506993238585e-01
1.139013648328086534e-02, -1.860003519207903633e+00, 5.728487113188330815e-01, 4.312710670164402460e-01, 5.325173592245081577e-01, -4.624484718931849980e-01, 5.626472604773929964e-01
1.139102886974016626e-02, -1.860004488570340175e+00, 5.728511435828099740e-01, 4.312710643593287152e-01, 5.325177703098580295e-01, -4.624479579886591751e-01, 5.626472958281312220e-01
1.139679588725582386e-02, -1.860004817183055437e+00, 5.728514417806531700e-01, 4.312715532335857915e-01, 5.325168733305748470e-01, -4.624490033716415205e-01, 5.626469108333347346e-01
1.139680118140133473e-02, -1.860004985800882915e+00, 5.728520039639994899e-01, 4.312699785601000202e-01, 5.325168710766330360e-01, -4.624489934974596039e-01, 5.626481280735856627e-01
1.139281495804360562e-02, -1.860006661269454353e+00, 5.728529327718209219e-01, 4.312700865494632496e-01, 5.325162825643718900e-01, -4.624496364419580785e-01, 5.626480738491348443e-01
1.139769422865226887e-02, -1.860006072147439404e+00, 5.728528985584906419e-01, 4.312693305577878777e-01, 5.325183257302338324e-01, -4.624479927213552832e-01, 5.626480705642696867e-01
1.139857993987776486e-02, -1.860006625949156112e+00, 5.728529327718209219e-01, 4.312687610771576696e-01, 5.325172133398922147e-01, -4.624484927994518269e-01, 5.626491488691727216e-01
1.139430312232861571e-02, -1.860006597086574009e+00, 5.728544554949712708e-01, 4.312690384720618830e-01, 5.325180829017116535e-01, -4.624482691845780979e-01, 5.626482970437721720e-01
1.139741355607966182e-02, -1.860007685010470313e+00, 5.728553625168657515e-01, 4.312677639609329150e-01, 5.325189518564640290e-01, -4.624472044613073818e-01, 5.626493266393837178e-01
1.139722058317356110e-02, -1.860008490822900207e+00, 5.728572315910438473e-01, 4.312684465626797081e-01, 5.325180075591221529e-01, -4.624483208000720325e-01, 5.626487796253267781e-01
1.139988419709951975e-02, -1.860008208186195944e+00, 5.728546603637063583e-01, 4.312665769126535209e-01, 5.325168734016941796e-01, -4.624495895925231914e-01, 5.626502432828347500e-01
1.140008462811877184e-02, -1.860010279336177241e+00, 5.728587111814905652e-01, 4.312676001213330834e-01, 5.325177206075298875e-01, -4.624486133324491877e-01, 5.626494595673593446e-01
1.140185847214524213e-02, -1.860010268463363481e+00, 5.728587111814905652e-01, 4.312659141423766940e-01, 5.325178974394012554e-01, -4.624489035672293968e-01, 5.626503459477536495e-01
1.140167128108898927e-02, -1.860011329557359927e+00, 5.728595799185859372e-01, 4.312662247159237960e-01, 5.325183494020602204e-01, -4.624478348428822660e-01, 5.626505585339003357e-01
1.140167461520158812e-02, -1.860011149409312559e+00, 5.728598563274764910e-01, 4.312648780067560583e-01, 5.325179216204888322e-01, -4.624488034307834283e-01, 5.626511995510623532e-01
1.140297921631134963e-02, -1.860012414889993915e+00, 5.728604755364677947e-01, 4.312636505661976982e-01, 5.325182045871721392e-01, -4.624484571013113832e-01, 5.626521572056646381e-01
1.140278819402032982e-02, -1.860012793623849303e+00, 5.728607851480248536e-01, 4.312640959369944960e-01, 5.325174798078189387e-01, -4.624492893485619427e-01, 5.626518177663570874e-01
1.140633989037946605e-02, -1.860013484556811925e+00, 5.728613691259402119e-01, 4.312651989610125636e-01, 5.325176518244747470e-01, -4.624485336195152119e-01, 5.626514306510077557e-01
1.140941644484972511e-02, -1.860013627732103991e+00, 5.728625634631412389e-01, 4.312637468790331829e-01, 5.325190216716139124e-01, -4.624479807129074360e-01, 5.626517016061700627e-01
1.140792792316600197e-02, -1.860014005860742170e+00, 5.728622284981395030e-01, 4.312627531069392339e-01, 5.325194989011141633e-01, -4.624474132124439252e-01, 5.626524780766976042e-01
1.141458061156879616e-02, -1.860014873047877160e+00, 5.728625484937683865e-01, 4.312630538465827001e-01, 5.325177074081152151e-01, -4.624489405285212573e-01, 5.626526877992964470e-01
1.141277938539659101e-02, -1.860014326409858754e+00, 5.728625152895242545e-01, 4.312618528004546481e-01, 5.325182839399410506e-01, -4.624487639825191621e-01, 5.626532078286050620e-01
1.141259327239170333e-02, -1.860015578327206986e+00, 5.728646022052441555e-01, 4.312606503933003044e-01, 5.325185877182749827e-01, -4.624483939544160038e-01, 5.626541460665358541e-01
1.141459285934245081e-02, -1.860016278764882403e+00, 5.728651861855919014e-01, 4.312616055960843409e-01, 5.325185438113479997e-01, -4.624484179682418761e-01, 5.626534357438859324e-01
1.141459378986653742e-02, -1.860017217087840180e+00, 5.728655310341109752e-01, 4.312615494268671745e-01, 5.325189659543422271e-01, -4.624478989179089949e-01, 5.626535058730793848e-01
1.141659457945438938e-02, -1.860017358286384148e+00, 5.728660807947520972e-01, 4.312596246240267828e-01, 5.325201988141942122e-01, -4.624472594869592501e-01, 5.626543399077587049e-01
1.141659596790267628e-02, -1.860017605204259405e+00, 5.728679166801244893e-01, 4.312621322892910558e-01, 5.325180024664561973e-01, -4.624489894814440283e-01, 5.626530746650378889e-01
1.141837458894622362e-02, -1.860019214992173708e+00, 5.728688206635315083e-01, 4.312595830104898331e-01, 5.325199026620471843e-01, -4.624475354002869354e-01, 5.626544253203937807e-01
1.141985981472108842e-02, -1.860018644337730898e+00, 5.728687849193851989e-01, 4.312587511376105298e-01, 5.325187977692875663e-01, -4.624488391861700798e-01, 5.626550370564054049e-01
1.142074887327099685e-02, -1.860019017977676103e+00, 5.728690955486862579e-01, 4.312590179190091688e-01, 5.325196412340761354e-01, -4.624478159446138159e-01, 5.626548752934777964e-01
1.142186034347129550e-02, -1.860020283086828430e+00, 5.728697137548742768e-01, 4.312580007476148336e-01, 5.325201511040340563e-01, -4.624472070060995921e-01, 5.626556728511362682e-01
1.142075640401244221e-02, -1.860020356656684637e+00, 5.728718260505452076e-01, 4.312571227749490421e-01, 5.325207878550003437e-01, -4.624469789833685618e-01, 5.626559305537606193e-01
1.142186787500277557e-02, -1.860021621764432087e+00, 5.728724442596144772e-01, 4.312578746796185691e-01, 5.325198490764952997e-01, -4.624480933178437558e-01, 5.626553268681065978e-01
1.142611132395736882e-02, -1.860021942934248607e+00, 5.728727290258308624e-01, 4.312569734820009271e-01, 5.325190389511986755e-01, -4.624484236197570208e-01, 5.626565128648546299e-01
1.142542155844887553e-02, -1.860022661411916411e+00, 5.728733140261397239e-01, 4.312572289207746157e-01, 5.325192478672854390e-01, -4.624481740685544850e-01, 5.626563244602295066e-01
1.142922152109972223e-02, -1.860022209477843580e+00, 5.728717535271867778e-01, 4.312556925435221955e-01, 5.325191323122920872e-01, -4.624488313224385250e-01, 5.626570712065045443e-01
1.142611746892490190e-02, -1.860023034697031452e+00, 5.728736236432170337e-01, 4.312549250971479675e-01, 5.325194319535251353e-01, -4.624484132796805591e-01, 5.626577194231443535e-01
1.142833880130684002e-02, -1.860023733752677266e+00, 5.728742076301986952e-01, 4.312547081187012576e-01, 5.325192515625472023e-01, -4.624486186498040219e-01, 5.626578876631932458e-01
1.142833880130684002e-02, -1.860023733752677266e+00, 5.728742076301986952e-01, 4.312549250971479675e-01, 5.325194319535251353e-01, -4.624484132796805591e-01, 5.626577194231443535e-01
1.142942101514837598e-02, -1.860024107737338506e+00, 5.728745192758692983e-01, 4.312550082808510599e-01, 5.325201227811640070e-01, -4.624475638150018497e-01, 5.626577000160815079e-01
1.143011598637259756e-02, -1.860023542700704136e+00, 5.728744840363924062e-01, 4.312547161948204200e-01, 5.325198799471618782e-01, -4.624478402748031236e-01, 5.626579264934916669e-01
1.143189672441234303e-02, -1.860024753723128477e+00, 5.728765471361121353e-01, 4.312546792476245616e-01, 5.325202659764650681e-01, -4.624473666084980561e-01, 5.626579787652964404e-01
1.143278365332879576e-02, -1.860024748271764006e+00, 5.728765471361121353e-01, 4.312543847719241819e-01, 5.325198127823468353e-01, -4.624478996484348570e-01, 5.626581952837748091e-01
1.143278574115200695e-02, -1.860025890021497430e+00, 5.728759968700148919e-01, 4.312536631699350198e-01, 5.325185911879641854e-01, -4.624493533743574414e-01, 5.626587097036149787e-01
1.143347614061902481e-02, -1.860025301706084155e+00, 5.728765803481054020e-01, 4.312525707449627044e-01, 5.325199358167593822e-01, -4.624482470691915204e-01, 5.626591836682374170e-01
1.143725425348140513e-02, -1.860026045614042944e+00, 5.728791848436268763e-01, 4.312538028472730489e-01, 5.325197978216099637e-01, -4.624478782238227725e-01, 5.626586730728330155e-01
1.143479081471634323e-02, -1.860026790161334986e+00, 5.728797822735914869e-01, 4.312527850636328486e-01, 5.325205272949300461e-01, -4.624475278047975313e-01, 5.626590507684211540e-01
1.143459637342529589e-02, -1.860027349047461476e+00, 5.728798154872138948e-01, 4.312528387014617492e-01, 5.325201551423925928e-01, -4.624479856737709893e-01, 5.626589855545941488e-01
1.143745656441256218e-02, -1.860028424794329061e+00, 5.728807111265268315e-01, 4.312531316561821204e-01, 5.325196565525416315e-01, -4.624480048688494604e-01, 5.626592171241125984e-01
1.143745041284217022e-02, -1.860027333037741926e+00, 5.728798165016238952e-01, 4.312509911273264551e-01, 5.325198727889468575e-01, -4.624482162632834736e-01, 5.626604793402942839e-01
1.143745656441256218e-02, -1.860028424794329061e+00, 5.728807111265268315e-01, 4.312514950233155564e-01, 5.325207582147322150e-01, -4.624472407080176817e-01, 5.626600569367818938e-01
1.144144894272247463e-02, -1.860027841012052097e+00, 5.728806768978944586e-01, 4.312513475642426042e-01, 5.325193227898201709e-01, -4.624483025323880003e-01, 5.626606557814479714e-01
1.143834554577530770e-02, -1.860028783258961482e+00, 5.728810093350880095e-01, 4.312508909834287252e-01, 5.325197895310298524e-01, -4.624483110491319771e-01, 5.626605569894087555e-01
1.144011940744847633e-02, -1.860028772349659132e+00, 5.728810093350880095e-01, 4.312508909834287252e-01, 5.325197895310298524e-01, -4.624483110491319771e-01, 5.626605569894087555e-01
1.143993214069020242e-02, -1.860029833429208024e+00, 5.728818780963875756e-01, 4.312508218087724443e-01, 5.325188856851076347e-01, -4.624488001571184781e-01, 5.626610634397861688e-01
1.144234083747685746e-02, -1.860029486547619682e+00, 5.728816057526007199e-01, 4.312504084531232351e-01, 5.325197009225397515e-01, -4.624483862845663595e-01, 5.626609488503567791e-01
1.144126351188689411e-02, -1.860029998075802604e+00, 5.728831632266470075e-01, 4.312518408443998807e-01, 5.325197294462518105e-01, -4.624478278682791488e-01, 5.626602829583030596e-01
1.144146205377814113e-02, -1.860030167024964376e+00, 5.728837264296587906e-01, 4.312512834140618256e-01, 5.325189802633839564e-01, -4.624492003870266377e-01, 5.626602911832058185e-01
1.144234984668457064e-02, -1.860031084722577388e+00, 5.728840588695761626e-01, 4.312512799252946616e-01, 5.325194714801455564e-01, -4.624481044577354316e-01, 5.626607296948570314e-01
1.144234779521285592e-02, -1.860030720804813908e+00, 5.728837606599411769e-01, 4.312514134503979135e-01, 5.325195824908081077e-01, -4.624479780768006032e-01, 5.626606261624572669e-01
1.144234779521285592e-02, -1.860030720804813908e+00, 5.728837606599411769e-01, 4.312506280837508643e-01, 5.325189329978909925e-01, -4.624487291986545401e-01, 5.626612254622738174e-01
1.144146291474666503e-02, -1.860031090178503765e+00, 5.728840588695761626e-01, 4.312500478213938115e-01, 5.325196094718397388e-01, -4.624484733024433192e-01, 5.626612402878345964e-01
1.144126966578326576e-02, -1.860031089829417894e+00, 5.728840578551597229e-01, 4.312498132395405359e-01, 5.325188806665821506e-01, -4.624487374890685620e-01, 5.626618927111010082e-01
1.144412371055258601e-02, -1.860031073809456981e+00, 5.728840588695761626e-01, 4.312472950741684796e-01, 5.325204891560817444e-01, -4.624474197548130161e-01, 5.626633834561265424e-01
1.144501819060396788e-02, -1.860032407000260957e+00, 5.728867894024870511e-01, 4.312498066766512483e-01, 5.325186668375948562e-01, -4.624489980187506677e-01, 5.626618859868820488e-01
1.144482288965141710e-02, -1.860032042734460100e+00, 5.728864901776087315e-01, 4.312496177677758724e-01, 5.325198736020855250e-01, -4.624481096159734905e-01, 5.626616188319394363e-01
1.144501819060396788e-02, -1.860032407000260957e+00, 5.728867894024870511e-01, 4.312493524640401699e-01, 5.325187059568076142e-01, -4.624489192914497671e-01, 5.626622617979663010e-01
1.144413244756572676e-02, -1.860031853221772780e+00, 5.728867551707380601e-01, 4.312495062447001537e-01, 5.325184170627242919e-01, -4.624492823751091275e-01, 5.626621189341427520e-01
1.144571187420556982e-02, -1.860032401194016582e+00, 5.728867883880673917e-01, 4.312491354854475767e-01, 5.325185255636838422e-01, -4.624491246597996486e-01, 5.626624300376907861e-01
1.144502426106641831e-02, -1.860033483587680614e+00, 5.728876716091909627e-01, 4.312503812080284993e-01, 5.325176964017578340e-01, -4.624500964750041243e-01, 5.626614612688118910e-01
1.144590512316978614e-02, -1.860032401542639491e+00, 5.728867894024870511e-01, 4.312484050064256946e-01, 5.325190771500034614e-01, -4.624490109429995610e-01, 5.626625613354454547e-01
1.144501819060396788e-02, -1.860032407000260957e+00, 5.728867894024870511e-01, 4.312488350534430248e-01, 5.325182757884571183e-01, -4.624494090158619009e-01, 5.626626629848623384e-01
1.144413125803554754e-02, -1.860032412457459206e+00, 5.728867894024870511e-01, 4.312482210732713206e-01, 5.325177676078781674e-01, -4.624499952706727646e-01, 5.626631326799504951e-01
1.144502319946611238e-02, -1.860033295314457380e+00, 5.728885791616142864e-01, 4.312485166325997765e-01, 5.325188977550593394e-01, -4.624487109202630730e-01, 5.626628921513358028e-01
1.144591013245551195e-02, -1.860033289856833694e+00, 5.728885791616142864e-01, 4.312487390820822220e-01, 5.325181959991164282e-01, -4.624494998517982847e-01, 5.626627373985079172e-01
1.144591119414559155e-02, -1.860033478130056261e+00, 5.728876716091909627e-01, 4.312487390820822220e-01, 5.325181959991164282e-01, -4.624494998517982847e-01, 5.626627373985079172e-01
1.144571187420556982e-02, -1.860032401194016582e+00, 5.728867883880673917e-01, 4.312487390820822220e-01, 5.325181959991164282e-01, -4.624494998517982847e-01, 5.626627373985079172e-01
1.144502426106641831e-02, -1.860033483587680614e+00, 5.728876716091909627e-01, 4.312504572222293220e-01, 5.325177561505043400e-01, -4.624500167517995863e-01, 5.626614119844282058e-01
1.144591209910782170e-02, -1.860033638610180562e+00, 5.728888649472794192e-01, 4.312488660443016264e-01, 5.325180931813896512e-01, -4.624496340010355588e-01, 5.626626271419392644e-01
1.144502655807380295e-02, -1.860033890958498581e+00, 5.728907008522740041e-01, 4.312487390820822220e-01, 5.325181959991164282e-01, -4.624494998517982847e-01, 5.626627373985079172e-01
1.144790769869862695e-02, -1.860033626328978507e+00, 5.728888649472794192e-01, 4.312482573016574450e-01, 5.325182642909537245e-01, -4.624493836370557887e-01, 5.626631375383859268e-01
1.144791171827276403e-02, -1.860034338998552084e+00, 5.728894489444451565e-01, 4.312484534169989669e-01, 5.325184273388908762e-01, -4.624491980159184945e-01, 5.626629854756705074e-01
1.144791232693202071e-02, -1.860034954745992675e+00, 5.728913074309084363e-01, 4.312482091530353001e-01, 5.325177554229097998e-01, -4.624500014238977497e-01, 5.626631482909494331e-01
1.144591751015282440e-02, -1.860034598169754805e+00, 5.728912848502892841e-01, 4.312487390820822220e-01, 5.325181959991164282e-01, -4.624494998517982847e-01, 5.626627373985079172e-01
1.144591270711047166e-02, -1.860034254358333472e+00, 5.728907234326348075e-01, 4.312479026248415837e-01, 5.325179694168590272e-01, -4.624497193347134050e-01, 5.626634125452490975e-01
1.144591751015282440e-02, -1.860034598169754805e+00, 5.728912848502892841e-01, 4.312481196036200837e-01, 5.325181498104482047e-01, -4.624495139667566534e-01, 5.626632443057830724e-01
1.144610664246225110e-02, -1.860033885849606605e+00, 5.728907018663890183e-01, 4.312481048362482583e-01, 5.325176686952536320e-01, -4.624501001585142324e-01, 5.626632291752290405e-01
1.144968788325176866e-02, -1.860034735447443355e+00, 5.728924781892458240e-01, 4.312479234881885226e-01, 5.325179867624000307e-01, -4.624496995877975802e-01, 5.626633963683810302e-01
1.144791537011745353e-02, -1.860035494302072712e+00, 5.728928114080276135e-01, 4.312492110802970124e-01, 5.325169319425445691e-01, -4.624509496715475954e-01, 5.626623803712174077e-01
1.144591886357754218e-02, -1.860035346106216680e+00, 5.728916180684915371e-01, 4.312482091530353001e-01, 5.325177554229097998e-01, -4.624500014238977497e-01, 5.626631482909494331e-01
1.144791323205053730e-02, -1.860035115223298563e+00, 5.728925007701507477e-01, 4.312473698478760387e-01, 5.325170599096753499e-01, -4.624508009446929302e-01, 5.626637926951194579e-01
1.144591361205936700e-02, -1.860034414836092775e+00, 5.728919167713246718e-01, 4.312468302593213676e-01, 5.325174968832888656e-01, -4.624502308090721048e-01, 5.626642612864978243e-01
1.144591672591597879e-02, -1.860034967027199393e+00, 5.728913074309084363e-01, 4.312479026248415837e-01, 5.325179694168590272e-01, -4.624497193347134050e-01, 5.626634125452490975e-01
1.144791615395870411e-02, -1.860035125444653215e+00, 5.728927888269853552e-01, 4.312470841834022406e-01, 5.325172912487153853e-01, -4.624504991082470373e-01, 5.626640407729799342e-01
1.144592457155903589e-02, -1.860035850393666701e+00, 5.728933728263175817e-01, 4.312486722084764579e-01, 5.325164862043696434e-01, -4.624514648361345293e-01, 5.626627918299652586e-01
1.144810761553760083e-02, -1.860035334173531840e+00, 5.728916190826051080e-01, 4.312470841834022406e-01, 5.325172912487153853e-01, -4.624504991082470373e-01, 5.626640407729799342e-01
1.144880004437792004e-02, -1.860034580429545725e+00, 5.728912848502892841e-01, 4.312478878572834629e-01, 5.325174883016701166e-01, -4.624503055264650997e-01, 5.626633974144679140e-01
1.144611291905946009e-02, -1.860035506932013583e+00, 5.728928124221422946e-01, 4.312482645841108631e-01, 5.325154612093118134e-01, -4.624520907411510673e-01, 5.626635598964668805e-01
1.144880114129067337e-02, -1.860036036179809615e+00, 5.728928449166368342e-01, 4.312476011267363241e-01, 5.325170438200372836e-01, -4.624508363596585570e-01, 5.626636015541222058e-01
1.145076718415213163e-02, -1.860035099193271257e+00, 5.728925017842649847e-01, 4.312471737320799914e-01, 5.325168968613857023e-01, -4.624509865655167529e-01, 5.626639447572535646e-01
1.144503283447611403e-02, -1.860035512040911332e+00, 5.728928114080276135e-01, 4.312473174538394294e-01, 5.325158320864611383e-01, -4.624521824896212774e-01, 5.626638594016122319e-01
1.144810716700713112e-02, -1.860034746714395393e+00, 5.728924792033630586e-01, 4.312478351983770608e-01, 5.325167573223753559e-01, -4.624505929798591319e-01, 5.626638933325582848e-01
1.145234868427228228e-02, -1.860034719066630426e+00, 5.728924781892458240e-01, 4.312466011880767836e-01, 5.325164242303938034e-01, -4.624515360806905617e-01, 5.626643792397174604e-01
1.144791537011745353e-02, -1.860035494302072712e+00, 5.728928114080276135e-01, 4.312468076140267836e-01, 5.325176864284478784e-01, -4.624499979250427661e-01, 5.626642906589431892e-01
1.144810852065475740e-02, -1.860035494650596144e+00, 5.728928124221422946e-01, 4.312486041207267973e-01, 5.325168961606188134e-01, -4.624509519378172118e-01, 5.626628775734114907e-01
1.144791537011745353e-02, -1.860035494302072712e+00, 5.728928114080276135e-01, 4.312478351983770608e-01, 5.325167573223753559e-01, -4.624505929798591319e-01, 5.626638933325582848e-01
1.144611291905946009e-02, -1.860035506932013583e+00, 5.728928124221422946e-01, 4.312474741647671639e-01, 5.325171466374625240e-01, -4.624507022101890796e-01, 5.626637118109775182e-01
1.144810852065475740e-02, -1.860035494650596144e+00, 5.728928124221422946e-01, 4.312476827315735450e-01, 5.325161617259522862e-01, -4.624513095005459151e-01, 5.626639849684158534e-01
1.144791537011745353e-02, -1.860035494302072712e+00, 5.728928114080276135e-01, 4.312481191361728361e-01, 5.325174722118157788e-01, -4.624503409412572541e-01, 5.626632062734918671e-01
1.144591763086232408e-02, -1.860035127504506169e+00, 5.728925007701507477e-01, 4.312472802672253080e-01, 5.325173355447454515e-01, -4.624498414977697980e-01, 5.626643890501099587e-01
1.144503306259708926e-02, -1.860036306263597838e+00, 5.728946808245103384e-01, 4.312480203180277805e-01, 5.325147892906914038e-01, -4.624528941466328202e-01, 5.626637227099996474e-01
1.145076932276132067e-02, -1.860035478272042075e+00, 5.728928124221422946e-01, 4.312482493902095593e-01, 5.325158619463672416e-01, -4.624515888762206206e-01, 5.626636047579904876e-01
1.144791462453038228e-02, -1.860035362109655921e+00, 5.728943366769201351e-01, 4.312463943353079809e-01, 5.325160438837736043e-01, -4.624519861803091381e-01, 5.626645278112508697e-01
1.144810661108398853e-02, -1.860035909794888420e+00, 5.728943712000891253e-01, 4.312470183883760355e-01, 5.325156127745190870e-01, -4.624519459027985335e-01, 5.626644906276112579e-01
1.144988047955354526e-02, -1.860035898876277294e+00, 5.728943712000891253e-01, 4.312466284076900136e-01, 5.325157573852949966e-01, -4.624517428001533870e-01, 5.626648195901944316e-01
1.144810521860437601e-02, -1.860035662908572363e+00, 5.728925352926657055e-01, 4.312467327246786164e-01, 5.325158441133706066e-01, -4.624516440659782734e-01, 5.626647387060859096e-01
1.145106053924321854e-02, -1.860035725681115748e+00, 5.728946498514374541e-01, 4.312481422793886798e-01, 5.325160456263032804e-01, -4.624519664066165103e-01, 5.626632027223343879e-01
1.144611191397624898e-02, -1.860036082551236536e+00, 5.728955645400722885e-01, 4.312471431439289793e-01, 5.325165986998828815e-01, -4.624507393647304676e-01, 5.626644535603094743e-01
1.144839973678273178e-02, -1.860035742060086150e+00, 5.728946498514374541e-01, 4.312484511060908354e-01, 5.325142949686104688e-01, -4.624526130161365489e-01, 5.626640914322050824e-01
1.144551480201745283e-02, -1.860036088532907250e+00, 5.728955660621386503e-01, 4.312480203180277805e-01, 5.325147892906914038e-01, -4.624528941466328202e-01, 5.626637227099996474e-01
1.144640815371748138e-02, -1.860036467008904237e+00, 5.728952338518800147e-01, 4.312490429002004966e-01, 5.325152193358081432e-01, -4.624524273098145066e-01, 5.626629156507988450e-01
1.144522828196324442e-02, -1.860035919750440581e+00, 5.728958416692178091e-01, 4.312477137914045300e-01, 5.325150032844315762e-01, -4.624526120570300880e-01, 5.626639869658434101e-01
1.144522621227603634e-02, -1.860036306612417700e+00, 5.728946818386222439e-01, 4.312492652681654270e-01, 5.325149058855025430e-01, -4.624520363693537806e-01, 5.626633631873144692e-01
1.144522096119866827e-02, -1.860035375341714481e+00, 5.728949805394600858e-01, 4.312466057629953387e-01, 5.325159469305885684e-01, -4.624515099162374576e-01, 5.626648489631338457e-01
1.144551389716102173e-02, -1.860035928057974797e+00, 5.728943727221538218e-01, 4.312478056345026567e-01, 5.325152064363921633e-01, -4.624515817081096825e-01, 5.626645711479444367e-01
1.144839857151182597e-02, -1.860036289396781450e+00, 5.728946833606877176e-01, 4.312479529446183735e-01, 5.325143165328029005e-01, -4.624534665465361294e-01, 5.626637513184672423e-01
1.145017030191713102e-02, -1.860035899399503201e+00, 5.728943727221538218e-01, 4.312486693953870853e-01, 5.325135908702883780e-01, -4.624534872519141526e-01, 5.626638719623671125e-01
1.144551506328007721e-02, -1.860035380721268838e+00, 5.728943392131073953e-01, 4.312485404429958757e-01, 5.325151367624816334e-01, -4.624517051385836908e-01, 5.626639724551748545e-01
1.144551810561265232e-02, -1.860035920274392796e+00, 5.728958431912917204e-01, 4.312482426846652173e-01, 5.325144758425708336e-01, -4.624525032086455600e-01, 5.626641702432790826e-01
1.144839733855219574e-02, -1.860036070793321672e+00, 5.728955660621386503e-01, 4.312473222142720886e-01, 5.325152212693263776e-01, -4.624515306234128764e-01, 5.626649696076366780e-01
1.144522497965518373e-02, -1.860036088008957034e+00, 5.728955645400722885e-01, 4.312485630875264042e-01, 5.325149472168528852e-01, -4.624519380222629206e-01, 5.626639430823954235e-01
1.144928427286504707e-02, -1.860036065334088828e+00, 5.728955660621386503e-01, 4.312495650162032623e-01, 5.325141237330393018e-01, -4.624528862649123218e-01, 5.626631751620331245e-01
1.144551480201745283e-02, -1.860036088532907250e+00, 5.728955660621386503e-01, 4.312473591579973897e-01, 5.325148352399370344e-01, -4.624520042895888250e-01, 5.626649173328456266e-01
1.144839331899124950e-02, -1.860035358126086447e+00, 5.728949820615250044e-01, 4.312481264160539229e-01, 5.325146691275034483e-01, -4.624530480429231427e-01, 5.626636286294668388e-01
1.144551078356094258e-02, -1.860035375865666030e+00, 5.728949820615250044e-01, 4.312497962942877794e-01, 5.325141076432159393e-01, -4.624529216802413245e-01, 5.626629840201800015e-01
1.144859262629107505e-02, -1.860036450220716731e+00, 5.728958777155909177e-01, 4.312482426846652173e-01, 5.325144758425708336e-01, -4.624525032086455600e-01, 5.626641702432790826e-01
1.144463000498871161e-02, -1.860036473068496399e+00, 5.728958767009662001e-01, 4.312481328166146155e-01, 5.325141117673108937e-01, -4.624523310446770896e-01, 5.626647405180101869e-01
1.144551078356094258e-02, -1.860035375865666030e+00, 5.728949820615250044e-01, 4.312512074677154472e-01, 5.325115896851740915e-01, -4.624552864118585682e-01, 5.626623418875055238e-01
1.144947742254070165e-02, -1.860036065683242645e+00, 5.728955670767628128e-01, 4.312495152139836918e-01, 5.325132171848849794e-01, -4.624529081660375129e-01, 5.626640533034626968e-01
1.144482101736832291e-02, -1.860036094339979407e+00, 5.728955670767628128e-01, 4.312493517256992259e-01, 5.325134686777671655e-01, -4.624530739196981988e-01, 5.626638043584809568e-01
1.144304624408549326e-02, -1.860035944778833050e+00, 5.728943737367769851e-01, 4.312501243687366093e-01, 5.325128087199298976e-01, -4.624539321003608427e-01, 5.626631314259672445e-01
1.144947340263993349e-02, -1.860035353016009863e+00, 5.728949830761481676e-01, 4.312508560852997830e-01, 5.325138304299575909e-01, -4.624527232971638036e-01, 5.626625971588544717e-01
1.144304714871235799e-02, -1.860036105253765504e+00, 5.728955670767628128e-01, 4.312492039012251199e-01, 5.325135541499380620e-01, -4.624529595169237783e-01, 5.626639307927947531e-01
1.144304222664591433e-02, -1.860035232111134196e+00, 5.728937897367145649e-01, 4.312489263239975279e-01, 5.325134691569255452e-01, -4.624531694799633441e-01, 5.626640514097125401e-01
1.144590110136574530e-02, -1.860036089232287804e+00, 5.728955680915917004e-01, 4.312511150045061359e-01, 5.325122656393979081e-01, -4.624540534873787245e-01, 5.626627863685833564e-01
1.144323628094818038e-02, -1.860035392936631560e+00, 5.728949840909760560e-01, 4.312496743310016978e-01, 5.325128513068489999e-01, -4.624538494211669071e-01, 5.626635040039468239e-01
1.144589708290924372e-02, -1.860035376565047693e+00, 5.728949840909760560e-01, 4.312503901819964014e-01, 5.325124965174641289e-01, -4.624537222562120631e-01, 5.626633956389803792e-01
1.144618599410987536e-02, -1.860035757846255633e+00, 5.728950089251449995e-01, 4.312508980252913737e-01, 5.325120852448010922e-01, -4.624542588536310062e-01, 5.626629546084870315e-01
1.144589627049795617e-02, -1.860035757320959160e+00, 5.728950074025243033e-01, 4.312498960970072570e-01, 5.325129087310589426e-01, -4.624533106146116457e-01, 5.626637225312228763e-01
1.144324029838520405e-02, -1.860036105603877221e+00, 5.728955680915917004e-01, 4.312508923504830838e-01, 5.325117679684663319e-01, -4.624546456970463626e-01, 5.626629412847709011e-01
1.144529987343159867e-02, -1.860035382548101301e+00, 5.728949856136015262e-01, 4.312507019094068417e-01, 5.325119221957698157e-01, -4.624544444730684378e-01, 5.626631066714041784e-01
1.144707374139833714e-02, -1.860035371632166923e+00, 5.728949856136015262e-01, 4.312503035180150213e-01, 5.325129348981970656e-01, -4.624533064721763620e-01, 5.626633889055513427e-01
1.144130867046837946e-02, -1.860035407102768712e+00, 5.728949856136015262e-01, 4.312531522145887086e-01, 5.325102597774774571e-01, -4.624556024160160206e-01, 5.626618502535460919e-01
1.144638005493245694e-02, -1.860035377441085158e+00, 5.728949866294554827e-01, 4.312519502017950757e-01, 5.325102004584670867e-01, -4.624556009802003320e-01, 5.626628288565661551e-01
1.144130867046837946e-02, -1.860035407102768712e+00, 5.728949856136015262e-01, 4.312514871862691002e-01, 5.325114627135862921e-01, -4.624541453108533817e-01, 5.626631855409379712e-01
1.144263710564761595e-02, -1.860035050166625181e+00, 5.728946998262473000e-01, 4.312520534960722074e-01, 5.325110766981290267e-01, -4.624541709109800669e-01, 5.626630957831323387e-01
1.144529987343159867e-02, -1.860035382548101301e+00, 5.728949856136015262e-01, 4.312529594516190112e-01, 5.325101734204094051e-01, -4.624552099815962269e-01, 5.626624022705476458e-01
1.144371925297013939e-02, -1.860035393813359805e+00, 5.728949866294554827e-01, 4.312523881299356598e-01, 5.325106361043331349e-01, -4.624546063100630211e-01, 5.626628984308370551e-01
1.143972804998275201e-02, -1.860035418364635484e+00, 5.728949866294554827e-01, 4.312531764309185944e-01, 5.325103538150113280e-01, -4.624550046158085737e-01, 5.626622340301922209e-01
1.143883915091238601e-02, -1.860035075067101529e+00, 5.728947008421007014e-01, 4.312548012182384483e-01, 5.325098310818362490e-01, -4.624550080382002770e-01, 5.626614806149430326e-01
1.144372245595895628e-02, -1.860036487236494729e+00, 5.728955939418806098e-01, 4.312545017667491765e-01, 5.325100856193643040e-01, -4.624548015905426412e-01, 5.626616389140299823e-01
1.143637149904844046e-02, -1.860035091780500638e+00, 5.728947018576444616e-01, 4.312537331056037759e-01, 5.325094499423356220e-01, -4.624555367332531253e-01, 5.626622254508919507e-01
1.143992237244410501e-02, -1.860034871379487198e+00, 5.728949541359372732e-01, 4.312532723310517624e-01, 5.325092752307951649e-01, -4.624557185309699503e-01, 5.626625945404023499e-01
1.143814536673788511e-02, -1.860035080873080338e+00, 5.728947018576444616e-01, 4.312533992911443681e-01, 5.325091724119876968e-01, -4.624558526801729741e-01, 5.626624842823509942e-01
1.144198192214345398e-02, -1.860034899105145412e+00, 5.728935100421737037e-01, 4.312543222655543795e-01, 5.325088274097454777e-01, -4.624554231888384215e-01, 5.626624563814505153e-01
1.143843509123410561e-02, -1.860035081401215207e+00, 5.728947033813438505e-01, 4.312559238099397119e-01, 5.325076758780572517e-01, -4.624568132144044608e-01, 5.626611762165242281e-01
1.144169506765047029e-02, -1.860035407805373131e+00, 5.728949876449996870e-01, 4.312551430562722721e-01, 5.325086763179482929e-01, -4.624556635854403797e-01, 5.626617726941920417e-01
1.143665712357622155e-02, -1.860034364477893831e+00, 5.728941069559427834e-01, 4.312546452751578885e-01, 5.325078480749190213e-01, -4.624566486531689335e-01, 5.626621284427238967e-01
1.143485786823392192e-02, -1.860034944455285721e+00, 5.728935110582279444e-01, 4.312555727695883134e-01, 5.325078752627120382e-01, -4.624560615523482521e-01, 5.626618743720395166e-01
1.143574398370296452e-02, -1.860035319758434946e+00, 5.728935343693317694e-01, 4.312570414005845731e-01, 5.325070299728954515e-01, -4.624570687477773667e-01, 5.626607208941047933e-01
1.143485786823392192e-02, -1.860034944455285721e+00, 5.728935110582279444e-01, 4.312561856773986513e-01, 5.325077076177485713e-01, -4.624563079687460943e-01, 5.626613607336011791e-01
1.143685027323802957e-02, -1.860034364830531306e+00, 5.728941079719971352e-01, 4.312574711133608796e-01, 5.325062289162243445e-01, -4.624574667126807315e-01, 5.626608225707742106e-01
1.143704752286615889e-02, -1.860035093014475560e+00, 5.728947054136592776e-01, 4.312571732166417537e-01, 5.325060479593030083e-01, -4.624582844333093856e-01, 5.626605500610082355e-01
1.143415998527260759e-02, -1.860034222429381545e+00, 5.728929156496473940e-01, 4.312578837312113222e-01, 5.325058947517355978e-01, -4.624579026961217476e-01, 5.626604642306359816e-01
1.143239229834007616e-02, -1.860034574303404131e+00, 5.728946719048001457e-01, 4.312594352608214443e-01, 5.325048215010089736e-01, -4.624584045717616276e-01, 5.626598782725107384e-01
1.143090297728099544e-02, -1.860034405242113609e+00, 5.728941105135433309e-01, 4.312585713955781608e-01, 5.325067913233282324e-01, -4.624560544211812618e-01, 5.626606077570847075e-01
1.143061634897504265e-02, -1.860034972066420211e+00, 5.728935120744867993e-01, 4.312593448953401798e-01, 5.325040194211360101e-01, -4.624593854983475860e-01, 5.626599003885623951e-01
1.143286909038994381e-02, -1.860034234217979421e+00, 5.728929181917026270e-01, 4.312596522400181653e-01, 5.325050018957827591e-01, -4.624581992072391845e-01, 5.626597100306618415e-01
1.143286909038994381e-02, -1.860034234217979421e+00, 5.728929181917026270e-01, 4.312608803686917014e-01, 5.325037185835960196e-01, -4.624592402040351713e-01, 5.626591276325034752e-01
1.142887584159654746e-02, -1.860033894830065204e+00, 5.728926199794770469e-01, 4.312602989299610945e-01, 5.325043812321506032e-01, -4.624583918067188826e-01, 5.626596434639223876e-01
1.142532810846947147e-02, -1.860033916625532413e+00, 5.728926199794770469e-01, 4.312603368462799014e-01, 5.325044995099397216e-01, -4.624583746768454184e-01, 5.626595165427776823e-01
1.142906999233432239e-02, -1.860034055661386354e+00, 5.728938143352968471e-01, 4.312614986081388380e-01, 5.325047198435091111e-01, -4.624575639261968574e-01, 5.626590839310211534e-01
1.142352256440708376e-02, -1.860033361882723613e+00, 5.728932179106706046e-01, 4.312622784671662490e-01, 5.325037220467156995e-01, -4.624587220237859619e-01, 5.626584786545291150e-01
1.142492005230020917e-02, -1.860033195130180728e+00, 5.728920260987473423e-01, 4.312627113302832660e-01, 5.325029879657574572e-01, -4.624596474636097909e-01, 5.626580809794053950e-01
1.142381228888186828e-02, -1.860033362416395386e+00, 5.728932194365152775e-01, 4.312633957050830413e-01, 5.325022883143004648e-01, -4.624596345285957311e-01, 5.626582292090219761e-01
1.142292445317204426e-02, -1.860033207386719400e+00, 5.728920260987473423e-01, 4.312633957050830413e-01, 5.325022883143004648e-01, -4.624596345285957311e-01, 5.626582292090219761e-01
1.142291921474606134e-02, -1.860032276115153094e+00, 5.728923248005500790e-01, 4.312639841109102701e-01, 5.325013587267395376e-01, -4.624602001761513037e-01, 5.626581930586233016e-01
1.142492005230020917e-02, -1.860033195130180728e+00, 5.728920260987473423e-01, 4.312639154341410541e-01, 5.325017704692653897e-01, -4.624596929788461486e-01, 5.626582728987669091e-01
1.142311555578175153e-02, -1.860032843826722404e+00, 5.728917289043945482e-01, 4.312642426809942253e-01, 5.325018341658691590e-01, -4.624596375602777476e-01, 5.626580073387299485e-01
1.142311355081883015e-02, -1.860031729134618672e+00, 5.728922923107679921e-01, 4.312645283371762117e-01, 5.325016028176245975e-01, -4.624599393934871183e-01, 5.626577592559671714e-01
1.142153483987145071e-02, -1.860032855076520164e+00, 5.728917299220831483e-01, 4.312650480656760044e-01, 5.325010849721315553e-01, -4.624599978436467196e-01, 5.626578029449759155e-01
1.142045185161517928e-02, -1.860031584996128418e+00, 5.728910989742690418e-01, 4.312644312136306723e-01, 5.325015965587975852e-01, -4.624594560363140539e-01, 5.626582369031059017e-01
1.142530020930769379e-02, -1.860032104093516381e+00, 5.728911334987984993e-01, 4.312645230127234997e-01, 5.325016728792858478e-01, -4.624593691514327642e-01, 5.626581657235847356e-01
1.142529833249669724e-02, -1.860031770503348669e+00, 5.728908601383004839e-01, 4.312662182533849586e-01, 5.325001292804019126e-01, -4.624611612908032243e-01, 5.626568542258602035e-01
1.142530111216958667e-02, -1.860032264570969929e+00, 5.728923268357227760e-01, 4.312651750238158388e-01, 5.325009821505164442e-01, -4.624601319917074349e-01, 5.626576926859043759e-01
1.141956463435344835e-02, -1.860032298255864358e+00, 5.728923258180340650e-01, 4.312656476970728181e-01, 5.325007500061097465e-01, -4.624604475509689894e-01, 5.626572907288346359e-01
1.141975619412503168e-02, -1.860031257208326627e+00, 5.728908266316424802e-01, 4.312659749438262358e-01, 5.325008137019717758e-01, -4.624603921320719624e-01, 5.626570251685651947e-01
